#! /usr/local/bin/vvp
:ivl_version "12.0 (devel)" "(s20150603-955-gd6e01d0c)";
:ivl_delay_selection "TYPICAL";
:vpi_time_precision + 0;
:vpi_module "/usr/local/lib/ivl/system.vpi";
:vpi_module "/usr/local/lib/ivl/vhdl_sys.vpi";
:vpi_module "/usr/local/lib/ivl/vhdl_textio.vpi";
:vpi_module "/usr/local/lib/ivl/v2005_math.vpi";
:vpi_module "/usr/local/lib/ivl/va_math.vpi";
:vpi_module "/usr/local/lib/ivl/v2009.vpi";
S_0x7fc84c53b030 .scope package, "$unit" "$unit" 2 1;
 .timescale 0 0;
S_0x7fc84c53b1a0 .scope module, "eee_imgproc_tb" "eee_imgproc_tb" 3 1;
 .timescale 0 0;
v0x7fc84c556f30_0 .var "clk", 0 0;
v0x7fc84c556fd0_0 .var "mode", 0 0;
v0x7fc84c557090_0 .var "reset_n", 0 0;
v0x7fc84c557140_0 .var "s_address", 2 0;
v0x7fc84c5571f0_0 .var "s_chipselect", 0 0;
v0x7fc84c5572c0_0 .var "s_read", 0 0;
v0x7fc84c557370_0 .net "s_readdata", 31 0, v0x7fc84c553af0_0;  1 drivers
v0x7fc84c557420_0 .var "s_write", 0 0;
v0x7fc84c5574d0_0 .var "s_writedata", 31 0;
v0x7fc84c557600_0 .var "sink_data", 23 0;
v0x7fc84c557690_0 .var "sink_eop", 0 0;
v0x7fc84c557720_0 .net "sink_ready", 0 0, L_0x7fc84c5597f0;  1 drivers
v0x7fc84c5577f0_0 .var "sink_sop", 0 0;
v0x7fc84c557880_0 .var "sink_valid", 0 0;
v0x7fc84c557950_0 .net "source_data", 23 0, L_0x7fc84c55a350;  1 drivers
v0x7fc84c5579e0_0 .net "source_eop", 0 0, L_0x7fc84c55a580;  1 drivers
v0x7fc84c557a90_0 .var "source_ready", 0 0;
v0x7fc84c557c60_0 .net "source_sop", 0 0, L_0x7fc84c55a4a0;  1 drivers
v0x7fc84c557cf0_0 .net "source_valid", 0 0, L_0x7fc84c55a250;  1 drivers
S_0x7fc84c5153f0 .scope module, "m" "EEE_IMGPROC" 3 65, 4 1 0, S_0x7fc84c53b1a0;
 .timescale 0 0;
    .port_info 0 /INPUT 1 "clk";
    .port_info 1 /INPUT 1 "reset_n";
    .port_info 2 /INPUT 1 "s_chipselect";
    .port_info 3 /INPUT 1 "s_read";
    .port_info 4 /INPUT 1 "s_write";
    .port_info 5 /OUTPUT 32 "s_readdata";
    .port_info 6 /INPUT 32 "s_writedata";
    .port_info 7 /INPUT 3 "s_address";
    .port_info 8 /INPUT 24 "sink_data";
    .port_info 9 /INPUT 1 "sink_valid";
    .port_info 10 /OUTPUT 1 "sink_ready";
    .port_info 11 /INPUT 1 "sink_sop";
    .port_info 12 /INPUT 1 "sink_eop";
    .port_info 13 /OUTPUT 24 "source_data";
    .port_info 14 /OUTPUT 1 "source_valid";
    .port_info 15 /INPUT 1 "source_ready";
    .port_info 16 /OUTPUT 1 "source_sop";
    .port_info 17 /OUTPUT 1 "source_eop";
    .port_info 18 /INPUT 1 "mode";
P_0x7fc84c542820 .param/l "BB_COL_DEFAULT" 0 4 69, C4<000000001111111100000000>;
P_0x7fc84c542860 .param/l "IMAGE_H" 0 4 66, C4<00111100000>;
P_0x7fc84c5428a0 .param/l "IMAGE_W" 0 4 65, C4<01010000000>;
P_0x7fc84c5428e0 .param/l "MESSAGE_BUF_MAX" 0 4 67, +C4<00000000000000000000000100000000>;
P_0x7fc84c542920 .param/l "MSG_INTERVAL" 0 4 68, +C4<00000000000000000000000000000110>;
L_0x7fc84c558ca0 .functor NOT 1, L_0x7fc84c559c50, C4<0>, C4<0>, C4<0>;
L_0x7fc84c558d50 .functor AND 1, v0x7fc84c556fd0_0, L_0x7fc84c558ca0, C4<1>, C4<1>;
L_0x7fc84c558e80 .functor AND 1, L_0x7fc84c558d50, v0x7fc84c554710_0, C4<1>, C4<1>;
L_0x7fc84c559490 .functor NOT 1, v0x7fc84c557090_0, C4<0>, C4<0>, C4<0>;
L_0x7fc84c559500 .functor OR 1, L_0x7fc84c559490, L_0x7fc84c55aea0, C4<0>, C4<0>;
L_0x7fc84c55a870 .functor AND 1, v0x7fc84c5571f0_0, v0x7fc84c557420_0, C4<1>, C4<1>;
L_0x7fc84c55abf0 .functor AND 1, L_0x7fc84c55a870, L_0x7fc84c55ab10, C4<1>, C4<1>;
L_0x7fc84c55aea0 .functor AND 1, L_0x7fc84c55abf0, L_0x7fc84c55ad20, C4<1>, C4<1>;
L_0x7fc84c55af50 .functor AND 1, v0x7fc84c5571f0_0, v0x7fc84c5572c0_0, C4<1>, C4<1>;
L_0x7fc84c55b050 .functor NOT 1, v0x7fc84c554840_0, C4<0>, C4<0>, C4<0>;
L_0x7fc84c55b0c0 .functor AND 1, L_0x7fc84c55af50, L_0x7fc84c55b050, C4<1>, C4<1>;
L_0x7fc84c55b1d0 .functor NOT 1, L_0x7fc84c559280, C4<0>, C4<0>, C4<0>;
L_0x7fc84c55b240 .functor AND 1, L_0x7fc84c55b0c0, L_0x7fc84c55b1d0, C4<1>, C4<1>;
L_0x7fc84c55b5d0 .functor AND 1, L_0x7fc84c55b240, L_0x7fc84c55b400, C4<1>, C4<1>;
v0x7fc84c5521e0_0 .net *"_ivl_10", 0 0, L_0x7fc84c558e80;  1 drivers
v0x7fc84c5522a0_0 .net *"_ivl_12", 23 0, L_0x7fc84c558f50;  1 drivers
v0x7fc84c552340_0 .net *"_ivl_14", 23 0, L_0x7fc84c559120;  1 drivers
v0x7fc84c5523f0_0 .net *"_ivl_16", 0 0, L_0x7fc84c559490;  1 drivers
v0x7fc84c5524a0_0 .net *"_ivl_34", 0 0, L_0x7fc84c55a870;  1 drivers
v0x7fc84c552590_0 .net *"_ivl_36", 31 0, L_0x7fc84c55a960;  1 drivers
L_0x7fc850050200 .functor BUFT 1, C4<00000000000000000000000000000>, C4<0>, C4<0>, C4<0>;
v0x7fc84c552640_0 .net *"_ivl_39", 28 0, L_0x7fc850050200;  1 drivers
L_0x7fc850050248 .functor BUFT 1, C4<00000000000000000000000000000000>, C4<0>, C4<0>, C4<0>;
v0x7fc84c5526f0_0 .net/2u *"_ivl_40", 31 0, L_0x7fc850050248;  1 drivers
v0x7fc84c5527a0_0 .net *"_ivl_42", 0 0, L_0x7fc84c55ab10;  1 drivers
v0x7fc84c5528b0_0 .net *"_ivl_44", 0 0, L_0x7fc84c55abf0;  1 drivers
v0x7fc84c552950_0 .net *"_ivl_47", 0 0, L_0x7fc84c55ad20;  1 drivers
v0x7fc84c552a00_0 .net *"_ivl_50", 0 0, L_0x7fc84c55af50;  1 drivers
v0x7fc84c552ab0_0 .net *"_ivl_52", 0 0, L_0x7fc84c55b050;  1 drivers
v0x7fc84c552b60_0 .net *"_ivl_54", 0 0, L_0x7fc84c55b0c0;  1 drivers
v0x7fc84c552c10_0 .net *"_ivl_56", 0 0, L_0x7fc84c55b1d0;  1 drivers
v0x7fc84c552cc0_0 .net *"_ivl_58", 0 0, L_0x7fc84c55b240;  1 drivers
v0x7fc84c552d70_0 .net *"_ivl_6", 0 0, L_0x7fc84c558ca0;  1 drivers
v0x7fc84c552f00_0 .net *"_ivl_60", 31 0, L_0x7fc84c55b360;  1 drivers
L_0x7fc850050290 .functor BUFT 1, C4<00000000000000000000000000000>, C4<0>, C4<0>, C4<0>;
v0x7fc84c552f90_0 .net *"_ivl_63", 28 0, L_0x7fc850050290;  1 drivers
L_0x7fc8500502d8 .functor BUFT 1, C4<00000000000000000000000000000001>, C4<0>, C4<0>, C4<0>;
v0x7fc84c553040_0 .net/2u *"_ivl_64", 31 0, L_0x7fc8500502d8;  1 drivers
v0x7fc84c5530f0_0 .net *"_ivl_66", 0 0, L_0x7fc84c55b400;  1 drivers
v0x7fc84c553190_0 .net *"_ivl_8", 0 0, L_0x7fc84c558d50;  1 drivers
v0x7fc84c553240_0 .var "bb_col", 23 0;
v0x7fc84c5532f0_0 .net "blue", 7 0, L_0x7fc84c559b60;  1 drivers
v0x7fc84c5533a0_0 .net "blue_out", 7 0, L_0x7fc84c558be0;  1 drivers
v0x7fc84c553450_0 .var "bottom_blue", 10 0;
v0x7fc84c553500_0 .var "bottom_green", 10 0;
v0x7fc84c5535b0_0 .var "bottom_pink", 10 0;
v0x7fc84c553660_0 .var "bottom_red", 10 0;
v0x7fc84c553710_0 .var "bottom_yellow", 10 0;
v0x7fc84c5537c0_0 .net "clk", 0 0, v0x7fc84c556f30_0;  1 drivers
v0x7fc84c553850_0 .var "colorised_image", 23 0;
v0x7fc84c553900_0 .net "eop", 0 0, L_0x7fc84c559d70;  1 drivers
v0x7fc84c552e10_0 .var "frame_count", 7 0;
v0x7fc84c553b90_0 .net "green", 7 0, L_0x7fc84c559a80;  1 drivers
v0x7fc84c553c20_0 .net "green_out", 7 0, L_0x7fc84c558ae0;  1 drivers
v0x7fc84c553cb0_0 .net "in_valid", 0 0, L_0x7fc84c5598a0;  1 drivers
v0x7fc84c553d80_0 .var "left_blue", 10 0;
v0x7fc84c553e10_0 .var "left_green", 10 0;
v0x7fc84c553ea0_0 .var "left_pink", 10 0;
v0x7fc84c553f30_0 .var "left_red", 10 0;
v0x7fc84c553fc0_0 .var "left_yellow", 10 0;
v0x7fc84c554070_0 .net "mode", 0 0, v0x7fc84c556fd0_0;  1 drivers
v0x7fc84c554110_0 .net "msg_buf_empty", 0 0, L_0x7fc84c559280;  1 drivers
v0x7fc84c5541a0_0 .net "msg_buf_flush", 0 0, L_0x7fc84c55aea0;  1 drivers
v0x7fc84c554230_0 .var "msg_buf_in", 31 0;
v0x7fc84c5542f0_0 .net "msg_buf_out", 31 0, L_0x7fc84c559330;  1 drivers
v0x7fc84c5543a0_0 .net "msg_buf_rd", 0 0, L_0x7fc84c55b5d0;  1 drivers
v0x7fc84c554450_0 .net "msg_buf_size", 7 0, L_0x7fc84c5593e0;  1 drivers
v0x7fc84c554500_0 .var "msg_buf_wr", 0 0;
v0x7fc84c5545b0_0 .var "msg_state", 1 0;
v0x7fc84c554640_0 .net "out_ready", 0 0, L_0x7fc84c55a160;  1 drivers
v0x7fc84c554710_0 .var "packet_video", 0 0;
v0x7fc84c5547a0_0 .net "pixel_classification", 2 0, v0x7fc84c551eb0_0;  1 drivers
v0x7fc84c554840_0 .var "read_d", 0 0;
v0x7fc84c5548d0_0 .net "red", 7 0, L_0x7fc84c5599a0;  1 drivers
v0x7fc84c554980_0 .net "red_out", 7 0, L_0x7fc84c558a20;  1 drivers
v0x7fc84c554a30_0 .var "reg_status", 7 0;
v0x7fc84c554ae0_0 .net "reset_n", 0 0, v0x7fc84c557090_0;  1 drivers
v0x7fc84c554bf0_0 .var "right_blue", 10 0;
v0x7fc84c554ca0_0 .var "right_green", 10 0;
v0x7fc84c554d50_0 .var "right_pink", 10 0;
v0x7fc84c554e00_0 .var "right_red", 10 0;
v0x7fc84c554eb0_0 .var "right_yellow", 10 0;
v0x7fc84c554f60_0 .net "s_address", 2 0, v0x7fc84c557140_0;  1 drivers
v0x7fc84c5539b0_0 .net "s_chipselect", 0 0, v0x7fc84c5571f0_0;  1 drivers
v0x7fc84c553a50_0 .net "s_read", 0 0, v0x7fc84c5572c0_0;  1 drivers
v0x7fc84c553af0_0 .var "s_readdata", 31 0;
v0x7fc84c555000_0 .net "s_write", 0 0, v0x7fc84c557420_0;  1 drivers
v0x7fc84c5550a0_0 .net "s_writedata", 31 0, v0x7fc84c5574d0_0;  1 drivers
v0x7fc84c555150_0 .net "sink_data", 23 0, v0x7fc84c557600_0;  1 drivers
v0x7fc84c555200_0 .net "sink_eop", 0 0, v0x7fc84c557690_0;  1 drivers
v0x7fc84c5552a0_0 .net "sink_ready", 0 0, L_0x7fc84c5597f0;  alias, 1 drivers
v0x7fc84c555350_0 .net "sink_sop", 0 0, v0x7fc84c5577f0_0;  1 drivers
v0x7fc84c5553e0_0 .net "sink_valid", 0 0, v0x7fc84c557880_0;  1 drivers
v0x7fc84c555470_0 .net "sop", 0 0, L_0x7fc84c559c50;  1 drivers
v0x7fc84c555500_0 .net "source_data", 23 0, L_0x7fc84c55a350;  alias, 1 drivers
v0x7fc84c555590_0 .net "source_eop", 0 0, L_0x7fc84c55a580;  alias, 1 drivers
v0x7fc84c555630_0 .net "source_ready", 0 0, v0x7fc84c557a90_0;  1 drivers
v0x7fc84c5556e0_0 .net "source_sop", 0 0, L_0x7fc84c55a4a0;  alias, 1 drivers
v0x7fc84c555770_0 .net "source_valid", 0 0, L_0x7fc84c55a250;  alias, 1 drivers
v0x7fc84c555820_0 .var "top_blue", 10 0;
v0x7fc84c5558c0_0 .var "top_green", 10 0;
v0x7fc84c555970_0 .var "top_pink", 10 0;
v0x7fc84c555a20_0 .var "top_red", 10 0;
v0x7fc84c555ad0_0 .var "top_yellow", 10 0;
v0x7fc84c555b80_0 .var "x", 10 0;
v0x7fc84c555c30_0 .var "x_max", 10 0;
v0x7fc84c555ce0_0 .var "x_max_blue", 10 0;
v0x7fc84c555d90_0 .var "x_max_green", 10 0;
v0x7fc84c555e40_0 .var "x_max_pink", 10 0;
v0x7fc84c555ef0_0 .var "x_max_red", 10 0;
v0x7fc84c555fa0_0 .var "x_max_yellow", 10 0;
v0x7fc84c556050_0 .var "x_min", 10 0;
v0x7fc84c556100_0 .var "x_min_blue", 10 0;
v0x7fc84c5561b0_0 .var "x_min_green", 10 0;
v0x7fc84c556260_0 .var "x_min_pink", 10 0;
v0x7fc84c556310_0 .var "x_min_red", 10 0;
v0x7fc84c5563c0_0 .var "x_min_yellow", 10 0;
v0x7fc84c556470_0 .var "y", 10 0;
v0x7fc84c556520_0 .var "y_max", 10 0;
v0x7fc84c5565d0_0 .var "y_max_blue", 10 0;
v0x7fc84c556680_0 .var "y_max_green", 10 0;
v0x7fc84c556730_0 .var "y_max_pink", 10 0;
v0x7fc84c5567e0_0 .var "y_max_red", 10 0;
v0x7fc84c556890_0 .var "y_max_yellow", 10 0;
v0x7fc84c556940_0 .var "y_min", 10 0;
v0x7fc84c5569f0_0 .var "y_min_blue", 10 0;
v0x7fc84c556aa0_0 .var "y_min_green", 10 0;
v0x7fc84c556b50_0 .var "y_min_pink", 10 0;
v0x7fc84c556c00_0 .var "y_min_red", 10 0;
v0x7fc84c556cb0_0 .var "y_min_yellow", 10 0;
E_0x7fc84c542030/0 .event edge, v0x7fc84c5545b0_0, v0x7fc84c556050_0, v0x7fc84c556940_0, v0x7fc84c555c30_0;
E_0x7fc84c542030/1 .event edge, v0x7fc84c556520_0;
E_0x7fc84c542030 .event/or E_0x7fc84c542030/0, E_0x7fc84c542030/1;
E_0x7fc84c540040 .event edge, v0x7fc84c551eb0_0;
L_0x7fc84c558940 .concat [ 8 8 8 0], L_0x7fc84c559b60, L_0x7fc84c559a80, L_0x7fc84c5599a0;
L_0x7fc84c558a20 .part L_0x7fc84c559120, 16, 8;
L_0x7fc84c558ae0 .part L_0x7fc84c559120, 8, 8;
L_0x7fc84c558be0 .part L_0x7fc84c559120, 0, 8;
L_0x7fc84c558f50 .concat [ 8 8 8 0], L_0x7fc84c559b60, L_0x7fc84c559a80, L_0x7fc84c5599a0;
L_0x7fc84c559120 .functor MUXZ 24, L_0x7fc84c558f50, v0x7fc84c553850_0, L_0x7fc84c558e80, C4<>;
L_0x7fc84c5599a0 .part v0x7fc84c54ea40_0, 18, 8;
L_0x7fc84c559a80 .part v0x7fc84c54ea40_0, 10, 8;
L_0x7fc84c559b60 .part v0x7fc84c54ea40_0, 2, 8;
L_0x7fc84c559c50 .part v0x7fc84c54ea40_0, 1, 1;
L_0x7fc84c559d70 .part v0x7fc84c54ea40_0, 0, 1;
L_0x7fc84c559e70 .concat [ 1 1 24 0], v0x7fc84c557690_0, v0x7fc84c5577f0_0, v0x7fc84c557600_0;
L_0x7fc84c55a350 .part v0x7fc84c54f720_0, 2, 24;
L_0x7fc84c55a4a0 .part v0x7fc84c54f720_0, 1, 1;
L_0x7fc84c55a580 .part v0x7fc84c54f720_0, 0, 1;
LS_0x7fc84c55a6e0_0_0 .concat [ 1 1 8 8], L_0x7fc84c559d70, L_0x7fc84c559c50, L_0x7fc84c558be0, L_0x7fc84c558ae0;
LS_0x7fc84c55a6e0_0_4 .concat [ 8 0 0 0], L_0x7fc84c558a20;
L_0x7fc84c55a6e0 .concat [ 18 8 0 0], LS_0x7fc84c55a6e0_0_0, LS_0x7fc84c55a6e0_0_4;
L_0x7fc84c55a960 .concat [ 3 29 0 0], v0x7fc84c557140_0, L_0x7fc850050200;
L_0x7fc84c55ab10 .cmp/eq 32, L_0x7fc84c55a960, L_0x7fc850050248;
L_0x7fc84c55ad20 .part v0x7fc84c5574d0_0, 4, 1;
L_0x7fc84c55b360 .concat [ 3 29 0 0], v0x7fc84c557140_0, L_0x7fc850050290;
L_0x7fc84c55b400 .cmp/eq 32, L_0x7fc84c55b360, L_0x7fc8500502d8;
S_0x7fc84c515560 .scope module, "MSG_FIFO_inst" "MSG_FIFO" 4 330, 5 39 0, S_0x7fc84c5153f0;
 .timescale 0 0;
    .port_info 0 /INPUT 1 "clock";
    .port_info 1 /INPUT 32 "data";
    .port_info 2 /INPUT 1 "rdreq";
    .port_info 3 /INPUT 1 "sclr";
    .port_info 4 /INPUT 1 "wrreq";
    .port_info 5 /OUTPUT 1 "empty";
    .port_info 6 /OUTPUT 32 "q";
    .port_info 7 /OUTPUT 8 "usedw";
o0x7fc850018128 .functor BUFZ 1, C4<z>; HiZ drive
L_0x7fc84c559280 .functor BUFZ 1, o0x7fc850018128, C4<0>, C4<0>, C4<0>;
o0x7fc850018158 .functor BUFZ 32, C4<zzzzzzzzzzzzzzzzzzzzzzzzzzzzzzzz>; HiZ drive
L_0x7fc84c559330 .functor BUFZ 32, o0x7fc850018158, C4<00000000000000000000000000000000>, C4<00000000000000000000000000000000>, C4<00000000000000000000000000000000>;
o0x7fc850018188 .functor BUFZ 8, C4<zzzzzzzz>; HiZ drive
L_0x7fc84c5593e0 .functor BUFZ 8, o0x7fc850018188, C4<00000000>, C4<00000000>, C4<00000000>;
v0x7fc84c51dc70_0 .net "clock", 0 0, v0x7fc84c556f30_0;  alias, 1 drivers
v0x7fc84c54dbc0_0 .net "data", 31 0, v0x7fc84c554230_0;  1 drivers
v0x7fc84c54dc60_0 .net "empty", 0 0, L_0x7fc84c559280;  alias, 1 drivers
v0x7fc84c54dcf0_0 .net "q", 31 0, L_0x7fc84c559330;  alias, 1 drivers
v0x7fc84c54dd80_0 .net "rdreq", 0 0, L_0x7fc84c55b5d0;  alias, 1 drivers
v0x7fc84c54de50_0 .net "sclr", 0 0, L_0x7fc84c559500;  1 drivers
v0x7fc84c54dee0_0 .net "sub_wire0", 0 0, o0x7fc850018128;  0 drivers
v0x7fc84c54df70_0 .net "sub_wire1", 31 0, o0x7fc850018158;  0 drivers
v0x7fc84c54e020_0 .net "sub_wire2", 7 0, o0x7fc850018188;  0 drivers
v0x7fc84c54e130_0 .net "usedw", 7 0, L_0x7fc84c5593e0;  alias, 1 drivers
v0x7fc84c54e1e0_0 .net "wrreq", 0 0, v0x7fc84c554500_0;  1 drivers
S_0x7fc84c54e300 .scope module, "in_reg" "STREAM_REG" 4 343, 6 1 0, S_0x7fc84c5153f0;
 .timescale 0 0;
    .port_info 0 /OUTPUT 1 "ready_out";
    .port_info 1 /OUTPUT 1 "valid_out";
    .port_info 2 /OUTPUT 26 "data_out";
    .port_info 3 /INPUT 1 "ready_in";
    .port_info 4 /INPUT 1 "valid_in";
    .port_info 5 /INPUT 26 "data_in";
    .port_info 6 /INPUT 1 "clk";
    .port_info 7 /INPUT 1 "rst_n";
P_0x7fc84c53c0f0 .param/l "DATA_WIDTH" 0 6 13, +C4<00000000000000000000000000011010>;
L_0x7fc84c5595e0 .functor NOT 1, v0x7fc84c54eae0_0, C4<0>, C4<0>, C4<0>;
L_0x7fc84c559650 .functor NOT 1, v0x7fc84c557880_0, C4<0>, C4<0>, C4<0>;
L_0x7fc84c5596c0 .functor AND 1, L_0x7fc84c5595e0, L_0x7fc84c559650, C4<1>, C4<1>;
L_0x7fc84c5597f0 .functor OR 1, L_0x7fc84c5596c0, L_0x7fc84c55a160, C4<0>, C4<0>;
L_0x7fc84c5598a0 .functor AND 1, v0x7fc84c54ec20_0, v0x7fc84c54eae0_0, C4<1>, C4<1>;
v0x7fc84c54e6f0_0 .net *"_ivl_0", 0 0, L_0x7fc84c5595e0;  1 drivers
v0x7fc84c54e7b0_0 .net *"_ivl_2", 0 0, L_0x7fc84c559650;  1 drivers
v0x7fc84c54e850_0 .net *"_ivl_4", 0 0, L_0x7fc84c5596c0;  1 drivers
v0x7fc84c54e8e0_0 .net "clk", 0 0, v0x7fc84c556f30_0;  alias, 1 drivers
v0x7fc84c54e970_0 .net "data_in", 25 0, L_0x7fc84c559e70;  1 drivers
v0x7fc84c54ea40_0 .var "data_out", 25 0;
v0x7fc84c54eae0_0 .var "data_valid", 0 0;
v0x7fc84c54eb80_0 .net "ready_in", 0 0, L_0x7fc84c55a160;  alias, 1 drivers
v0x7fc84c54ec20_0 .var "ready_in_d", 0 0;
v0x7fc84c54ed30_0 .net "ready_out", 0 0, L_0x7fc84c5597f0;  alias, 1 drivers
v0x7fc84c54edc0_0 .net "rst_n", 0 0, v0x7fc84c557090_0;  alias, 1 drivers
v0x7fc84c54ee60_0 .net "valid_in", 0 0, v0x7fc84c557880_0;  alias, 1 drivers
v0x7fc84c54ef00_0 .net "valid_out", 0 0, L_0x7fc84c5598a0;  alias, 1 drivers
E_0x7fc84c54e6b0 .event posedge, v0x7fc84c51dc70_0;
S_0x7fc84c54f020 .scope module, "out_reg" "STREAM_REG" 4 354, 6 1 0, S_0x7fc84c5153f0;
 .timescale 0 0;
    .port_info 0 /OUTPUT 1 "ready_out";
    .port_info 1 /OUTPUT 1 "valid_out";
    .port_info 2 /OUTPUT 26 "data_out";
    .port_info 3 /INPUT 1 "ready_in";
    .port_info 4 /INPUT 1 "valid_in";
    .port_info 5 /INPUT 26 "data_in";
    .port_info 6 /INPUT 1 "clk";
    .port_info 7 /INPUT 1 "rst_n";
P_0x7fc84c54e5b0 .param/l "DATA_WIDTH" 0 6 13, +C4<00000000000000000000000000011010>;
L_0x7fc84c559f50 .functor NOT 1, v0x7fc84c54f7d0_0, C4<0>, C4<0>, C4<0>;
L_0x7fc84c559fc0 .functor NOT 1, L_0x7fc84c5598a0, C4<0>, C4<0>, C4<0>;
L_0x7fc84c55a0b0 .functor AND 1, L_0x7fc84c559f50, L_0x7fc84c559fc0, C4<1>, C4<1>;
L_0x7fc84c55a160 .functor OR 1, L_0x7fc84c55a0b0, v0x7fc84c557a90_0, C4<0>, C4<0>;
L_0x7fc84c55a250 .functor AND 1, v0x7fc84c54f910_0, v0x7fc84c54f7d0_0, C4<1>, C4<1>;
v0x7fc84c54f3e0_0 .net *"_ivl_0", 0 0, L_0x7fc84c559f50;  1 drivers
v0x7fc84c54f490_0 .net *"_ivl_2", 0 0, L_0x7fc84c559fc0;  1 drivers
v0x7fc84c54f530_0 .net *"_ivl_4", 0 0, L_0x7fc84c55a0b0;  1 drivers
v0x7fc84c54f5c0_0 .net "clk", 0 0, v0x7fc84c556f30_0;  alias, 1 drivers
v0x7fc84c54f650_0 .net "data_in", 25 0, L_0x7fc84c55a6e0;  1 drivers
v0x7fc84c54f720_0 .var "data_out", 25 0;
v0x7fc84c54f7d0_0 .var "data_valid", 0 0;
v0x7fc84c54f870_0 .net "ready_in", 0 0, v0x7fc84c557a90_0;  alias, 1 drivers
v0x7fc84c54f910_0 .var "ready_in_d", 0 0;
v0x7fc84c54fa20_0 .net "ready_out", 0 0, L_0x7fc84c55a160;  alias, 1 drivers
v0x7fc84c54fad0_0 .net "rst_n", 0 0, v0x7fc84c557090_0;  alias, 1 drivers
v0x7fc84c54fb60_0 .net "valid_in", 0 0, L_0x7fc84c5598a0;  alias, 1 drivers
v0x7fc84c54fbf0_0 .net "valid_out", 0 0, L_0x7fc84c55a250;  alias, 1 drivers
S_0x7fc84c54fd10 .scope module, "pixel_proc" "PIXEL_PROC" 4 84, 7 1 0, S_0x7fc84c5153f0;
 .timescale 0 0;
    .port_info 0 /INPUT 1 "clk";
    .port_info 1 /INPUT 1 "rst";
    .port_info 2 /INPUT 24 "pixel_in";
    .port_info 3 /OUTPUT 3 "pixel_classification";
L_0x7fc84c558090 .functor BUFZ 24, L_0x7fc84c558940, C4<000000000000000000000000>, C4<000000000000000000000000>, C4<000000000000000000000000>;
v0x7fc84c551920_0 .net *"_ivl_7", 23 0, L_0x7fc84c558090;  1 drivers
v0x7fc84c5519c0_0 .net "blue", 7 0, L_0x7fc84c557fb0;  1 drivers
L_0x7fc850050008 .functor BUFT 1, C4<101001010100001110011111010011001000010110100010100000001000110000110010101001010000011110000110010001000110>, C4<0>, C4<0>, C4<0>;
v0x7fc84c551a60_0 .net "classifier_config", 107 0, L_0x7fc850050008;  1 drivers
v0x7fc84c551af0_0 .net "clk", 0 0, v0x7fc84c556f30_0;  alias, 1 drivers
v0x7fc84c551c00_0 .net "green", 7 0, L_0x7fc84c557e90;  1 drivers
v0x7fc84c551ca0_0 .net "hsv_h", 8 0, v0x7fc84c550bc0_0;  1 drivers
v0x7fc84c551d50_0 .net "hsv_s", 7 0, v0x7fc84c550c70_0;  1 drivers
v0x7fc84c551e00_0 .net "hsv_v", 7 0, v0x7fc84c550dd0_0;  1 drivers
v0x7fc84c551eb0_0 .var "pixel_classification", 2 0;
v0x7fc84c551fd0_0 .net "pixel_in", 23 0, L_0x7fc84c558940;  1 drivers
v0x7fc84c552080_0 .net "red", 7 0, L_0x7fc84c557df0;  1 drivers
v0x7fc84c552140_0 .net "rst", 0 0, v0x7fc84c557090_0;  alias, 1 drivers
E_0x7fc84c54ff50 .event edge, v0x7fc84c550c70_0, v0x7fc84c551a60_0, v0x7fc84c550dd0_0, v0x7fc84c550bc0_0;
L_0x7fc84c557df0 .part L_0x7fc84c558090, 16, 8;
L_0x7fc84c557e90 .part L_0x7fc84c558090, 8, 8;
L_0x7fc84c557fb0 .part L_0x7fc84c558090, 0, 8;
S_0x7fc84c54ffb0 .scope module, "rgb_2_hsv" "RGB_2_HSV" 7 88, 8 1 0, S_0x7fc84c54fd10;
 .timescale 0 0;
    .port_info 0 /INPUT 1 "clk";
    .port_info 1 /INPUT 1 "rst";
    .port_info 2 /INPUT 8 "rgb_r";
    .port_info 3 /INPUT 8 "rgb_g";
    .port_info 4 /INPUT 8 "rgb_b";
    .port_info 5 /OUTPUT 9 "hsv_h";
    .port_info 6 /OUTPUT 8 "hsv_s";
    .port_info 7 /OUTPUT 8 "hsv_v";
v0x7fc84c550320_0 .net *"_ivl_0", 0 0, L_0x7fc84c558180;  1 drivers
L_0x7fc8500500e0 .functor BUFT 1, C4<1>, C4<0>, C4<0>, C4<0>;
v0x7fc84c5503d0_0 .net/2u *"_ivl_10", 0 0, L_0x7fc8500500e0;  1 drivers
L_0x7fc850050128 .functor BUFT 1, C4<0>, C4<0>, C4<0>, C4<0>;
v0x7fc84c550480_0 .net/2u *"_ivl_12", 0 0, L_0x7fc850050128;  1 drivers
v0x7fc84c550540_0 .net *"_ivl_16", 0 0, L_0x7fc84c558680;  1 drivers
L_0x7fc850050170 .functor BUFT 1, C4<1>, C4<0>, C4<0>, C4<0>;
v0x7fc84c5505e0_0 .net/2u *"_ivl_18", 0 0, L_0x7fc850050170;  1 drivers
L_0x7fc850050050 .functor BUFT 1, C4<1>, C4<0>, C4<0>, C4<0>;
v0x7fc84c5506d0_0 .net/2u *"_ivl_2", 0 0, L_0x7fc850050050;  1 drivers
L_0x7fc8500501b8 .functor BUFT 1, C4<0>, C4<0>, C4<0>, C4<0>;
v0x7fc84c550780_0 .net/2u *"_ivl_20", 0 0, L_0x7fc8500501b8;  1 drivers
L_0x7fc850050098 .functor BUFT 1, C4<0>, C4<0>, C4<0>, C4<0>;
v0x7fc84c550830_0 .net/2u *"_ivl_4", 0 0, L_0x7fc850050098;  1 drivers
v0x7fc84c5508e0_0 .net *"_ivl_8", 0 0, L_0x7fc84c5583c0;  1 drivers
v0x7fc84c5509f0_0 .net "clk", 0 0, v0x7fc84c556f30_0;  alias, 1 drivers
v0x7fc84c550a80_0 .var "division", 7 0;
v0x7fc84c550b20_0 .net "g_b", 0 0, L_0x7fc84c558820;  1 drivers
v0x7fc84c550bc0_0 .var "hsv_h", 8 0;
v0x7fc84c550c70_0 .var "hsv_s", 7 0;
v0x7fc84c550d20_0 .var "hsv_s_m", 7 0;
v0x7fc84c550dd0_0 .var "hsv_v", 7 0;
v0x7fc84c550e80_0 .var "max", 7 0;
v0x7fc84c551010_0 .var "max_min", 7 0;
v0x7fc84c5510a0_0 .var "max_n", 7 0;
v0x7fc84c551150_0 .var "min", 7 0;
v0x7fc84c551200_0 .net "r_b", 0 0, L_0x7fc84c558520;  1 drivers
v0x7fc84c5512a0_0 .net "r_g", 0 0, L_0x7fc84c558240;  1 drivers
v0x7fc84c551340_0 .net "rgb_b", 7 0, L_0x7fc84c557fb0;  alias, 1 drivers
v0x7fc84c5513f0_0 .net "rgb_g", 7 0, L_0x7fc84c557e90;  alias, 1 drivers
v0x7fc84c5514a0_0 .net "rgb_r", 7 0, L_0x7fc84c557df0;  alias, 1 drivers
v0x7fc84c551550_0 .var "rgb_se", 2 0;
v0x7fc84c551600_0 .var "rgb_se_n", 2 0;
v0x7fc84c5516b0_0 .net "rst", 0 0, v0x7fc84c557090_0;  alias, 1 drivers
v0x7fc84c551780_0 .var "top", 7 0;
v0x7fc84c551810_0 .var "top_60", 13 0;
E_0x7fc84c550240/0 .event negedge, v0x7fc84c54edc0_0;
E_0x7fc84c550240/1 .event posedge, v0x7fc84c51dc70_0;
E_0x7fc84c550240 .event/or E_0x7fc84c550240/0, E_0x7fc84c550240/1;
E_0x7fc84c550290 .event edge, v0x7fc84c5510a0_0, v0x7fc84c551010_0;
E_0x7fc84c5502d0 .event edge, v0x7fc84c551010_0, v0x7fc84c551810_0;
L_0x7fc84c558180 .cmp/gt 8, L_0x7fc84c557df0, L_0x7fc84c557e90;
L_0x7fc84c558240 .functor MUXZ 1, L_0x7fc850050098, L_0x7fc850050050, L_0x7fc84c558180, C4<>;
L_0x7fc84c5583c0 .cmp/gt 8, L_0x7fc84c557df0, L_0x7fc84c557fb0;
L_0x7fc84c558520 .functor MUXZ 1, L_0x7fc850050128, L_0x7fc8500500e0, L_0x7fc84c5583c0, C4<>;
L_0x7fc84c558680 .cmp/gt 8, L_0x7fc84c557e90, L_0x7fc84c557fb0;
L_0x7fc84c558820 .functor MUXZ 1, L_0x7fc8500501b8, L_0x7fc850050170, L_0x7fc84c558680, C4<>;
    .scope S_0x7fc84c54ffb0;
T_0 ;
    %wait E_0x7fc84c550240;
    %load/vec4 v0x7fc84c5516b0_0;
    %nor/r;
    %flag_set/vec4 8;
    %jmp/0xz  T_0.0, 8;
    %pushi/vec4 0, 0, 8;
    %assign/vec4 v0x7fc84c550e80_0, 0;
    %pushi/vec4 0, 0, 8;
    %assign/vec4 v0x7fc84c551150_0, 0;
    %pushi/vec4 0, 0, 8;
    %assign/vec4 v0x7fc84c551780_0, 0;
    %pushi/vec4 2, 0, 3;
    %assign/vec4 v0x7fc84c551550_0, 0;
    %jmp T_0.1;
T_0.0 ;
    %load/vec4 v0x7fc84c5512a0_0;
    %load/vec4 v0x7fc84c551200_0;
    %concat/vec4; draw_concat_vec4
    %load/vec4 v0x7fc84c550b20_0;
    %concat/vec4; draw_concat_vec4
    %dup/vec4;
    %pushi/vec4 0, 0, 3;
    %cmp/u;
    %jmp/1 T_0.2, 6;
    %dup/vec4;
    %pushi/vec4 1, 0, 3;
    %cmp/u;
    %jmp/1 T_0.3, 6;
    %dup/vec4;
    %pushi/vec4 3, 0, 3;
    %cmp/u;
    %jmp/1 T_0.4, 6;
    %dup/vec4;
    %pushi/vec4 4, 0, 3;
    %cmp/u;
    %jmp/1 T_0.5, 6;
    %dup/vec4;
    %pushi/vec4 6, 0, 3;
    %cmp/u;
    %jmp/1 T_0.6, 6;
    %dup/vec4;
    %pushi/vec4 7, 0, 3;
    %cmp/u;
    %jmp/1 T_0.7, 6;
    %pushi/vec4 0, 0, 8;
    %assign/vec4 v0x7fc84c550e80_0, 0;
    %pushi/vec4 0, 0, 8;
    %assign/vec4 v0x7fc84c551150_0, 0;
    %pushi/vec4 0, 0, 8;
    %assign/vec4 v0x7fc84c551780_0, 0;
    %pushi/vec4 2, 0, 3;
    %assign/vec4 v0x7fc84c551550_0, 0;
    %jmp T_0.9;
T_0.2 ;
    %load/vec4 v0x7fc84c551340_0;
    %assign/vec4 v0x7fc84c550e80_0, 0;
    %load/vec4 v0x7fc84c5514a0_0;
    %assign/vec4 v0x7fc84c551150_0, 0;
    %load/vec4 v0x7fc84c5513f0_0;
    %load/vec4 v0x7fc84c5514a0_0;
    %sub;
    %assign/vec4 v0x7fc84c551780_0, 0;
    %pushi/vec4 0, 0, 3;
    %assign/vec4 v0x7fc84c551550_0, 0;
    %jmp T_0.9;
T_0.3 ;
    %load/vec4 v0x7fc84c5513f0_0;
    %assign/vec4 v0x7fc84c550e80_0, 0;
    %load/vec4 v0x7fc84c5514a0_0;
    %assign/vec4 v0x7fc84c551150_0, 0;
    %load/vec4 v0x7fc84c551340_0;
    %load/vec4 v0x7fc84c5514a0_0;
    %sub;
    %assign/vec4 v0x7fc84c551780_0, 0;
    %pushi/vec4 1, 0, 3;
    %assign/vec4 v0x7fc84c551550_0, 0;
    %jmp T_0.9;
T_0.4 ;
    %load/vec4 v0x7fc84c5513f0_0;
    %assign/vec4 v0x7fc84c550e80_0, 0;
    %load/vec4 v0x7fc84c551340_0;
    %assign/vec4 v0x7fc84c551150_0, 0;
    %load/vec4 v0x7fc84c5514a0_0;
    %load/vec4 v0x7fc84c551340_0;
    %sub;
    %assign/vec4 v0x7fc84c551780_0, 0;
    %pushi/vec4 3, 0, 3;
    %assign/vec4 v0x7fc84c551550_0, 0;
    %jmp T_0.9;
T_0.5 ;
    %load/vec4 v0x7fc84c551340_0;
    %assign/vec4 v0x7fc84c550e80_0, 0;
    %load/vec4 v0x7fc84c5513f0_0;
    %assign/vec4 v0x7fc84c551150_0, 0;
    %load/vec4 v0x7fc84c5514a0_0;
    %load/vec4 v0x7fc84c5513f0_0;
    %sub;
    %assign/vec4 v0x7fc84c551780_0, 0;
    %pushi/vec4 4, 0, 3;
    %assign/vec4 v0x7fc84c551550_0, 0;
    %jmp T_0.9;
T_0.6 ;
    %load/vec4 v0x7fc84c5514a0_0;
    %assign/vec4 v0x7fc84c550e80_0, 0;
    %load/vec4 v0x7fc84c5513f0_0;
    %assign/vec4 v0x7fc84c551150_0, 0;
    %load/vec4 v0x7fc84c551340_0;
    %load/vec4 v0x7fc84c5513f0_0;
    %sub;
    %assign/vec4 v0x7fc84c551780_0, 0;
    %pushi/vec4 6, 0, 3;
    %assign/vec4 v0x7fc84c551550_0, 0;
    %jmp T_0.9;
T_0.7 ;
    %load/vec4 v0x7fc84c5514a0_0;
    %assign/vec4 v0x7fc84c550e80_0, 0;
    %load/vec4 v0x7fc84c551340_0;
    %assign/vec4 v0x7fc84c551150_0, 0;
    %load/vec4 v0x7fc84c5513f0_0;
    %load/vec4 v0x7fc84c551340_0;
    %sub;
    %assign/vec4 v0x7fc84c551780_0, 0;
    %pushi/vec4 7, 0, 3;
    %assign/vec4 v0x7fc84c551550_0, 0;
    %jmp T_0.9;
T_0.9 ;
    %pop/vec4 1;
T_0.1 ;
    %jmp T_0;
    .thread T_0;
    .scope S_0x7fc84c54ffb0;
T_1 ;
    %wait E_0x7fc84c550240;
    %load/vec4 v0x7fc84c5516b0_0;
    %nor/r;
    %flag_set/vec4 8;
    %jmp/0xz  T_1.0, 8;
    %pushi/vec4 0, 0, 14;
    %assign/vec4 v0x7fc84c551810_0, 0;
    %pushi/vec4 2, 0, 3;
    %assign/vec4 v0x7fc84c551600_0, 0;
    %pushi/vec4 0, 0, 8;
    %assign/vec4 v0x7fc84c551010_0, 0;
    %pushi/vec4 0, 0, 8;
    %assign/vec4 v0x7fc84c5510a0_0, 0;
    %jmp T_1.1;
T_1.0 ;
    %load/vec4 v0x7fc84c551780_0;
    %concati/vec4 0, 0, 6;
    %load/vec4 v0x7fc84c551780_0;
    %concati/vec4 0, 0, 2;
    %pad/u 14;
    %sub;
    %assign/vec4 v0x7fc84c551810_0, 0;
    %load/vec4 v0x7fc84c551550_0;
    %assign/vec4 v0x7fc84c551600_0, 0;
    %load/vec4 v0x7fc84c550e80_0;
    %load/vec4 v0x7fc84c551150_0;
    %sub;
    %assign/vec4 v0x7fc84c551010_0, 0;
    %load/vec4 v0x7fc84c550e80_0;
    %assign/vec4 v0x7fc84c5510a0_0, 0;
T_1.1 ;
    %jmp T_1;
    .thread T_1;
    .scope S_0x7fc84c54ffb0;
T_2 ;
    %wait E_0x7fc84c5502d0;
    %load/vec4 v0x7fc84c551010_0;
    %cmpi/u 0, 0, 8;
    %flag_or 5, 4; GT is !LE
    %flag_inv 5;
    %flag_mov 8, 5;
    %jmp/0 T_2.0, 8;
    %load/vec4 v0x7fc84c551810_0;
    %load/vec4 v0x7fc84c551010_0;
    %pad/u 14;
    %div;
    %jmp/1 T_2.1, 8;
T_2.0 ; End of true expr.
    %pushi/vec4 240, 0, 14;
    %jmp/0 T_2.1, 8;
 ; End of false expr.
    %blend;
T_2.1;
    %pad/u 8;
    %store/vec4 v0x7fc84c550a80_0, 0, 8;
    %jmp T_2;
    .thread T_2, $push;
    .scope S_0x7fc84c54ffb0;
T_3 ;
    %wait E_0x7fc84c550240;
    %load/vec4 v0x7fc84c5516b0_0;
    %nor/r;
    %flag_set/vec4 8;
    %jmp/0xz  T_3.0, 8;
    %pushi/vec4 0, 0, 9;
    %assign/vec4 v0x7fc84c550bc0_0, 0;
    %jmp T_3.1;
T_3.0 ;
    %load/vec4 v0x7fc84c551600_0;
    %dup/vec4;
    %pushi/vec4 0, 0, 3;
    %cmp/u;
    %jmp/1 T_3.2, 6;
    %dup/vec4;
    %pushi/vec4 1, 0, 3;
    %cmp/u;
    %jmp/1 T_3.3, 6;
    %dup/vec4;
    %pushi/vec4 3, 0, 3;
    %cmp/u;
    %jmp/1 T_3.4, 6;
    %dup/vec4;
    %pushi/vec4 4, 0, 3;
    %cmp/u;
    %jmp/1 T_3.5, 6;
    %dup/vec4;
    %pushi/vec4 6, 0, 3;
    %cmp/u;
    %jmp/1 T_3.6, 6;
    %dup/vec4;
    %pushi/vec4 7, 0, 3;
    %cmp/u;
    %jmp/1 T_3.7, 6;
    %pushi/vec4 0, 0, 9;
    %assign/vec4 v0x7fc84c550bc0_0, 0;
    %jmp T_3.9;
T_3.2 ;
    %pushi/vec4 240, 0, 9;
    %load/vec4 v0x7fc84c550a80_0;
    %pad/u 9;
    %sub;
    %assign/vec4 v0x7fc84c550bc0_0, 0;
    %jmp T_3.9;
T_3.3 ;
    %pushi/vec4 120, 0, 9;
    %load/vec4 v0x7fc84c550a80_0;
    %pad/u 9;
    %add;
    %assign/vec4 v0x7fc84c550bc0_0, 0;
    %jmp T_3.9;
T_3.4 ;
    %pushi/vec4 120, 0, 9;
    %load/vec4 v0x7fc84c550a80_0;
    %pad/u 9;
    %sub;
    %assign/vec4 v0x7fc84c550bc0_0, 0;
    %jmp T_3.9;
T_3.5 ;
    %pushi/vec4 240, 0, 9;
    %load/vec4 v0x7fc84c550a80_0;
    %pad/u 9;
    %add;
    %assign/vec4 v0x7fc84c550bc0_0, 0;
    %jmp T_3.9;
T_3.6 ;
    %pushi/vec4 360, 0, 9;
    %load/vec4 v0x7fc84c550a80_0;
    %pad/u 9;
    %sub;
    %assign/vec4 v0x7fc84c550bc0_0, 0;
    %jmp T_3.9;
T_3.7 ;
    %load/vec4 v0x7fc84c550a80_0;
    %pad/u 9;
    %assign/vec4 v0x7fc84c550bc0_0, 0;
    %jmp T_3.9;
T_3.9 ;
    %pop/vec4 1;
T_3.1 ;
    %jmp T_3;
    .thread T_3;
    .scope S_0x7fc84c54ffb0;
T_4 ;
    %wait E_0x7fc84c550290;
    %load/vec4 v0x7fc84c5510a0_0;
    %cmpi/u 0, 0, 8;
    %flag_or 5, 4; GT is !LE
    %flag_inv 5;
    %flag_mov 8, 5;
    %jmp/0 T_4.0, 8;
    %load/vec4 v0x7fc84c551010_0;
    %concati/vec4 0, 0, 8;
    %load/vec4 v0x7fc84c5510a0_0;
    %pad/u 16;
    %div;
    %jmp/1 T_4.1, 8;
T_4.0 ; End of true expr.
    %pushi/vec4 0, 0, 16;
    %jmp/0 T_4.1, 8;
 ; End of false expr.
    %blend;
T_4.1;
    %pad/u 8;
    %store/vec4 v0x7fc84c550d20_0, 0, 8;
    %jmp T_4;
    .thread T_4, $push;
    .scope S_0x7fc84c54ffb0;
T_5 ;
    %wait E_0x7fc84c550240;
    %load/vec4 v0x7fc84c5516b0_0;
    %nor/r;
    %flag_set/vec4 8;
    %jmp/0xz  T_5.0, 8;
    %pushi/vec4 0, 0, 8;
    %assign/vec4 v0x7fc84c550c70_0, 0;
    %jmp T_5.1;
T_5.0 ;
    %load/vec4 v0x7fc84c550d20_0;
    %assign/vec4 v0x7fc84c550c70_0, 0;
T_5.1 ;
    %jmp T_5;
    .thread T_5;
    .scope S_0x7fc84c54ffb0;
T_6 ;
    %wait E_0x7fc84c550240;
    %load/vec4 v0x7fc84c5516b0_0;
    %nor/r;
    %flag_set/vec4 8;
    %jmp/0xz  T_6.0, 8;
    %pushi/vec4 0, 0, 8;
    %assign/vec4 v0x7fc84c550dd0_0, 0;
    %jmp T_6.1;
T_6.0 ;
    %load/vec4 v0x7fc84c5510a0_0;
    %assign/vec4 v0x7fc84c550dd0_0, 0;
T_6.1 ;
    %jmp T_6;
    .thread T_6;
    .scope S_0x7fc84c54fd10;
T_7 ;
    %wait E_0x7fc84c54ff50;
    %load/vec4 v0x7fc84c551a60_0;
    %parti/s 9, 0, 2;
    %load/vec4 v0x7fc84c551d50_0;
    %pad/u 9;
    %cmp/u;
    %flag_get/vec4 5;
    %load/vec4 v0x7fc84c551a60_0;
    %parti/s 9, 9, 5;
    %load/vec4 v0x7fc84c551e00_0;
    %pad/u 9;
    %cmp/u;
    %flag_get/vec4 5;
    %and;
    %flag_set/vec4 8;
    %jmp/0xz  T_7.0, 8;
    %load/vec4 v0x7fc84c551ca0_0;
    %load/vec4 v0x7fc84c551a60_0;
    %parti/s 9, 18, 6;
    %cmp/u;
    %flag_get/vec4 5;
    %load/vec4 v0x7fc84c551a60_0;
    %parti/s 9, 27, 6;
    %load/vec4 v0x7fc84c551ca0_0;
    %cmp/u;
    %flag_get/vec4 5;
    %or;
    %flag_set/vec4 8;
    %jmp/0xz  T_7.2, 8;
    %pushi/vec4 1, 0, 3;
    %assign/vec4 v0x7fc84c551eb0_0, 0;
T_7.2 ;
    %load/vec4 v0x7fc84c551a60_0;
    %parti/s 9, 36, 7;
    %load/vec4 v0x7fc84c551ca0_0;
    %cmp/u;
    %flag_get/vec4 5;
    %load/vec4 v0x7fc84c551ca0_0;
    %load/vec4 v0x7fc84c551a60_0;
    %parti/s 9, 45, 7;
    %cmp/u;
    %flag_get/vec4 5;
    %and;
    %flag_set/vec4 8;
    %jmp/0xz  T_7.4, 8;
    %pushi/vec4 2, 0, 3;
    %assign/vec4 v0x7fc84c551eb0_0, 0;
T_7.4 ;
    %load/vec4 v0x7fc84c551a60_0;
    %parti/s 9, 54, 7;
    %load/vec4 v0x7fc84c551ca0_0;
    %cmp/u;
    %flag_get/vec4 5;
    %load/vec4 v0x7fc84c551ca0_0;
    %load/vec4 v0x7fc84c551a60_0;
    %parti/s 9, 63, 7;
    %cmp/u;
    %flag_get/vec4 5;
    %and;
    %flag_set/vec4 8;
    %jmp/0xz  T_7.6, 8;
    %pushi/vec4 3, 0, 3;
    %assign/vec4 v0x7fc84c551eb0_0, 0;
T_7.6 ;
    %load/vec4 v0x7fc84c551a60_0;
    %parti/s 9, 72, 8;
    %load/vec4 v0x7fc84c551ca0_0;
    %cmp/u;
    %flag_get/vec4 5;
    %load/vec4 v0x7fc84c551ca0_0;
    %load/vec4 v0x7fc84c551a60_0;
    %parti/s 9, 81, 8;
    %cmp/u;
    %flag_get/vec4 5;
    %and;
    %flag_set/vec4 8;
    %jmp/0xz  T_7.8, 8;
    %pushi/vec4 4, 0, 3;
    %assign/vec4 v0x7fc84c551eb0_0, 0;
T_7.8 ;
    %load/vec4 v0x7fc84c551a60_0;
    %parti/s 9, 90, 8;
    %load/vec4 v0x7fc84c551ca0_0;
    %cmp/u;
    %flag_get/vec4 5;
    %load/vec4 v0x7fc84c551ca0_0;
    %load/vec4 v0x7fc84c551a60_0;
    %parti/s 9, 99, 8;
    %cmp/u;
    %flag_get/vec4 5;
    %and;
    %flag_set/vec4 8;
    %jmp/0xz  T_7.10, 8;
    %pushi/vec4 5, 0, 3;
    %assign/vec4 v0x7fc84c551eb0_0, 0;
T_7.10 ;
    %jmp T_7.1;
T_7.0 ;
    %pushi/vec4 0, 0, 3;
    %assign/vec4 v0x7fc84c551eb0_0, 0;
T_7.1 ;
    %jmp T_7;
    .thread T_7, $push;
    .scope S_0x7fc84c54e300;
T_8 ;
    %wait E_0x7fc84c54e6b0;
    %load/vec4 v0x7fc84c54edc0_0;
    %inv;
    %flag_set/vec4 8;
    %jmp/0xz  T_8.0, 8;
    %pushi/vec4 0, 0, 26;
    %assign/vec4 v0x7fc84c54ea40_0, 0;
    %pushi/vec4 0, 0, 1;
    %assign/vec4 v0x7fc84c54eae0_0, 0;
    %pushi/vec4 0, 0, 1;
    %assign/vec4 v0x7fc84c54ec20_0, 0;
    %jmp T_8.1;
T_8.0 ;
    %load/vec4 v0x7fc84c54eb80_0;
    %assign/vec4 v0x7fc84c54ec20_0, 0;
    %load/vec4 v0x7fc84c54ee60_0;
    %load/vec4 v0x7fc84c54eae0_0;
    %inv;
    %load/vec4 v0x7fc84c54ec20_0;
    %or;
    %and;
    %flag_set/vec4 8;
    %jmp/0xz  T_8.2, 8;
    %load/vec4 v0x7fc84c54e970_0;
    %assign/vec4 v0x7fc84c54ea40_0, 0;
    %pushi/vec4 1, 0, 1;
    %assign/vec4 v0x7fc84c54eae0_0, 0;
    %jmp T_8.3;
T_8.2 ;
    %load/vec4 v0x7fc84c54ec20_0;
    %flag_set/vec4 8;
    %jmp/0xz  T_8.4, 8;
    %pushi/vec4 0, 0, 1;
    %assign/vec4 v0x7fc84c54eae0_0, 0;
T_8.4 ;
T_8.3 ;
T_8.1 ;
    %jmp T_8;
    .thread T_8;
    .scope S_0x7fc84c54f020;
T_9 ;
    %wait E_0x7fc84c54e6b0;
    %load/vec4 v0x7fc84c54fad0_0;
    %inv;
    %flag_set/vec4 8;
    %jmp/0xz  T_9.0, 8;
    %pushi/vec4 0, 0, 26;
    %assign/vec4 v0x7fc84c54f720_0, 0;
    %pushi/vec4 0, 0, 1;
    %assign/vec4 v0x7fc84c54f7d0_0, 0;
    %pushi/vec4 0, 0, 1;
    %assign/vec4 v0x7fc84c54f910_0, 0;
    %jmp T_9.1;
T_9.0 ;
    %load/vec4 v0x7fc84c54f870_0;
    %assign/vec4 v0x7fc84c54f910_0, 0;
    %load/vec4 v0x7fc84c54fb60_0;
    %load/vec4 v0x7fc84c54f7d0_0;
    %inv;
    %load/vec4 v0x7fc84c54f910_0;
    %or;
    %and;
    %flag_set/vec4 8;
    %jmp/0xz  T_9.2, 8;
    %load/vec4 v0x7fc84c54f650_0;
    %assign/vec4 v0x7fc84c54f720_0, 0;
    %pushi/vec4 1, 0, 1;
    %assign/vec4 v0x7fc84c54f7d0_0, 0;
    %jmp T_9.3;
T_9.2 ;
    %load/vec4 v0x7fc84c54f910_0;
    %flag_set/vec4 8;
    %jmp/0xz  T_9.4, 8;
    %pushi/vec4 0, 0, 1;
    %assign/vec4 v0x7fc84c54f7d0_0, 0;
T_9.4 ;
T_9.3 ;
T_9.1 ;
    %jmp T_9;
    .thread T_9;
    .scope S_0x7fc84c5153f0;
T_10 ;
    %wait E_0x7fc84c540040;
    %load/vec4 v0x7fc84c5547a0_0;
    %dup/vec4;
    %pushi/vec4 0, 0, 3;
    %cmp/u;
    %jmp/1 T_10.0, 6;
    %dup/vec4;
    %pushi/vec4 1, 0, 3;
    %cmp/u;
    %jmp/1 T_10.1, 6;
    %dup/vec4;
    %pushi/vec4 2, 0, 3;
    %cmp/u;
    %jmp/1 T_10.2, 6;
    %dup/vec4;
    %pushi/vec4 3, 0, 3;
    %cmp/u;
    %jmp/1 T_10.3, 6;
    %dup/vec4;
    %pushi/vec4 4, 0, 3;
    %cmp/u;
    %jmp/1 T_10.4, 6;
    %dup/vec4;
    %pushi/vec4 5, 0, 3;
    %cmp/u;
    %jmp/1 T_10.5, 6;
    %jmp T_10.6;
T_10.0 ;
    %pushi/vec4 0, 0, 24;
    %store/vec4 v0x7fc84c553850_0, 0, 24;
    %jmp T_10.6;
T_10.1 ;
    %pushi/vec4 16711680, 0, 24;
    %store/vec4 v0x7fc84c553850_0, 0, 24;
    %jmp T_10.6;
T_10.2 ;
    %pushi/vec4 16776960, 0, 24;
    %store/vec4 v0x7fc84c553850_0, 0, 24;
    %jmp T_10.6;
T_10.3 ;
    %pushi/vec4 65280, 0, 24;
    %store/vec4 v0x7fc84c553850_0, 0, 24;
    %jmp T_10.6;
T_10.4 ;
    %pushi/vec4 255, 0, 24;
    %store/vec4 v0x7fc84c553850_0, 0, 24;
    %jmp T_10.6;
T_10.5 ;
    %pushi/vec4 16711935, 0, 24;
    %store/vec4 v0x7fc84c553850_0, 0, 24;
    %jmp T_10.6;
T_10.6 ;
    %pop/vec4 1;
    %jmp T_10;
    .thread T_10, $push;
    .scope S_0x7fc84c5153f0;
T_11 ;
    %wait E_0x7fc84c54e6b0;
    %load/vec4 v0x7fc84c555470_0;
    %flag_set/vec4 8;
    %jmp/0xz  T_11.0, 8;
    %pushi/vec4 0, 0, 11;
    %assign/vec4 v0x7fc84c555b80_0, 0;
    %pushi/vec4 0, 0, 11;
    %assign/vec4 v0x7fc84c556470_0, 0;
    %load/vec4 v0x7fc84c5532f0_0;
    %parti/s 4, 0, 2;
    %pushi/vec4 0, 0, 4;
    %cmp/e;
    %flag_get/vec4 4;
    %assign/vec4 v0x7fc84c554710_0, 0;
    %jmp T_11.1;
T_11.0 ;
    %load/vec4 v0x7fc84c553cb0_0;
    %flag_set/vec4 8;
    %jmp/0xz  T_11.2, 8;
    %load/vec4 v0x7fc84c555b80_0;
    %pad/u 32;
    %cmpi/e 639, 0, 32;
    %jmp/0xz  T_11.4, 4;
    %pushi/vec4 0, 0, 11;
    %assign/vec4 v0x7fc84c555b80_0, 0;
    %load/vec4 v0x7fc84c556470_0;
    %addi 1, 0, 11;
    %assign/vec4 v0x7fc84c556470_0, 0;
    %jmp T_11.5;
T_11.4 ;
    %load/vec4 v0x7fc84c555b80_0;
    %addi 1, 0, 11;
    %assign/vec4 v0x7fc84c555b80_0, 0;
T_11.5 ;
T_11.2 ;
T_11.1 ;
    %jmp T_11;
    .thread T_11;
    .scope S_0x7fc84c5153f0;
T_12 ;
    %wait E_0x7fc84c54e6b0;
    %load/vec4 v0x7fc84c553cb0_0;
    %flag_set/vec4 8;
    %jmp/0xz  T_12.0, 8;
    %load/vec4 v0x7fc84c5547a0_0;
    %dup/vec4;
    %pushi/vec4 1, 0, 3;
    %cmp/u;
    %jmp/1 T_12.2, 6;
    %dup/vec4;
    %pushi/vec4 2, 0, 3;
    %cmp/u;
    %jmp/1 T_12.3, 6;
    %dup/vec4;
    %pushi/vec4 3, 0, 3;
    %cmp/u;
    %jmp/1 T_12.4, 6;
    %dup/vec4;
    %pushi/vec4 4, 0, 3;
    %cmp/u;
    %jmp/1 T_12.5, 6;
    %dup/vec4;
    %pushi/vec4 5, 0, 3;
    %cmp/u;
    %jmp/1 T_12.6, 6;
    %jmp T_12.7;
T_12.2 ;
    %load/vec4 v0x7fc84c555b80_0;
    %load/vec4 v0x7fc84c556310_0;
    %cmp/u;
    %jmp/0xz  T_12.8, 5;
    %load/vec4 v0x7fc84c555b80_0;
    %assign/vec4 v0x7fc84c556310_0, 0;
T_12.8 ;
    %load/vec4 v0x7fc84c555ef0_0;
    %load/vec4 v0x7fc84c555b80_0;
    %cmp/u;
    %jmp/0xz  T_12.10, 5;
    %load/vec4 v0x7fc84c555b80_0;
    %assign/vec4 v0x7fc84c555ef0_0, 0;
T_12.10 ;
    %load/vec4 v0x7fc84c556470_0;
    %load/vec4 v0x7fc84c556c00_0;
    %cmp/u;
    %jmp/0xz  T_12.12, 5;
    %load/vec4 v0x7fc84c556470_0;
    %assign/vec4 v0x7fc84c556c00_0, 0;
T_12.12 ;
    %load/vec4 v0x7fc84c556470_0;
    %assign/vec4 v0x7fc84c5567e0_0, 0;
    %jmp T_12.7;
T_12.3 ;
    %load/vec4 v0x7fc84c555b80_0;
    %load/vec4 v0x7fc84c5563c0_0;
    %cmp/u;
    %jmp/0xz  T_12.14, 5;
    %load/vec4 v0x7fc84c555b80_0;
    %assign/vec4 v0x7fc84c5563c0_0, 0;
T_12.14 ;
    %load/vec4 v0x7fc84c555fa0_0;
    %load/vec4 v0x7fc84c555b80_0;
    %cmp/u;
    %jmp/0xz  T_12.16, 5;
    %load/vec4 v0x7fc84c555b80_0;
    %assign/vec4 v0x7fc84c555fa0_0, 0;
T_12.16 ;
    %load/vec4 v0x7fc84c556470_0;
    %load/vec4 v0x7fc84c556cb0_0;
    %cmp/u;
    %jmp/0xz  T_12.18, 5;
    %load/vec4 v0x7fc84c556470_0;
    %assign/vec4 v0x7fc84c556cb0_0, 0;
T_12.18 ;
    %load/vec4 v0x7fc84c556470_0;
    %assign/vec4 v0x7fc84c556890_0, 0;
    %jmp T_12.7;
T_12.4 ;
    %load/vec4 v0x7fc84c555b80_0;
    %load/vec4 v0x7fc84c5561b0_0;
    %cmp/u;
    %jmp/0xz  T_12.20, 5;
    %load/vec4 v0x7fc84c555b80_0;
    %assign/vec4 v0x7fc84c5561b0_0, 0;
T_12.20 ;
    %load/vec4 v0x7fc84c555d90_0;
    %load/vec4 v0x7fc84c555b80_0;
    %cmp/u;
    %jmp/0xz  T_12.22, 5;
    %load/vec4 v0x7fc84c555b80_0;
    %assign/vec4 v0x7fc84c555d90_0, 0;
T_12.22 ;
    %load/vec4 v0x7fc84c556470_0;
    %load/vec4 v0x7fc84c556aa0_0;
    %cmp/u;
    %jmp/0xz  T_12.24, 5;
    %load/vec4 v0x7fc84c556470_0;
    %assign/vec4 v0x7fc84c556aa0_0, 0;
T_12.24 ;
    %load/vec4 v0x7fc84c556470_0;
    %assign/vec4 v0x7fc84c556680_0, 0;
    %jmp T_12.7;
T_12.5 ;
    %load/vec4 v0x7fc84c555b80_0;
    %load/vec4 v0x7fc84c556100_0;
    %cmp/u;
    %jmp/0xz  T_12.26, 5;
    %load/vec4 v0x7fc84c555b80_0;
    %assign/vec4 v0x7fc84c556100_0, 0;
T_12.26 ;
    %load/vec4 v0x7fc84c555ce0_0;
    %load/vec4 v0x7fc84c555b80_0;
    %cmp/u;
    %jmp/0xz  T_12.28, 5;
    %load/vec4 v0x7fc84c555b80_0;
    %assign/vec4 v0x7fc84c555ce0_0, 0;
T_12.28 ;
    %load/vec4 v0x7fc84c556470_0;
    %load/vec4 v0x7fc84c5569f0_0;
    %cmp/u;
    %jmp/0xz  T_12.30, 5;
    %load/vec4 v0x7fc84c556470_0;
    %assign/vec4 v0x7fc84c5569f0_0, 0;
T_12.30 ;
    %load/vec4 v0x7fc84c556470_0;
    %assign/vec4 v0x7fc84c5565d0_0, 0;
    %jmp T_12.7;
T_12.6 ;
    %load/vec4 v0x7fc84c555b80_0;
    %load/vec4 v0x7fc84c556260_0;
    %cmp/u;
    %jmp/0xz  T_12.32, 5;
    %load/vec4 v0x7fc84c555b80_0;
    %assign/vec4 v0x7fc84c556260_0, 0;
T_12.32 ;
    %load/vec4 v0x7fc84c555e40_0;
    %load/vec4 v0x7fc84c555b80_0;
    %cmp/u;
    %jmp/0xz  T_12.34, 5;
    %load/vec4 v0x7fc84c555b80_0;
    %assign/vec4 v0x7fc84c555e40_0, 0;
T_12.34 ;
    %load/vec4 v0x7fc84c556470_0;
    %load/vec4 v0x7fc84c556b50_0;
    %cmp/u;
    %jmp/0xz  T_12.36, 5;
    %load/vec4 v0x7fc84c556470_0;
    %assign/vec4 v0x7fc84c556b50_0, 0;
T_12.36 ;
    %load/vec4 v0x7fc84c556470_0;
    %assign/vec4 v0x7fc84c556730_0, 0;
    %jmp T_12.7;
T_12.7 ;
    %pop/vec4 1;
T_12.0 ;
    %load/vec4 v0x7fc84c555470_0;
    %load/vec4 v0x7fc84c553cb0_0;
    %and;
    %flag_set/vec4 8;
    %jmp/0xz  T_12.38, 8;
    %pushi/vec4 639, 0, 66;
    %split/vec4 11;
    %assign/vec4 v0x7fc84c556260_0, 0;
    %split/vec4 11;
    %assign/vec4 v0x7fc84c556100_0, 0;
    %split/vec4 11;
    %assign/vec4 v0x7fc84c5561b0_0, 0;
    %split/vec4 11;
    %assign/vec4 v0x7fc84c5563c0_0, 0;
    %split/vec4 11;
    %assign/vec4 v0x7fc84c556310_0, 0;
    %assign/vec4 v0x7fc84c556050_0, 0;
    %pushi/vec4 0, 0, 66;
    %split/vec4 11;
    %assign/vec4 v0x7fc84c555e40_0, 0;
    %split/vec4 11;
    %assign/vec4 v0x7fc84c555ce0_0, 0;
    %split/vec4 11;
    %assign/vec4 v0x7fc84c555d90_0, 0;
    %split/vec4 11;
    %assign/vec4 v0x7fc84c555fa0_0, 0;
    %split/vec4 11;
    %assign/vec4 v0x7fc84c555ef0_0, 0;
    %assign/vec4 v0x7fc84c555c30_0, 0;
    %pushi/vec4 479, 0, 66;
    %split/vec4 11;
    %assign/vec4 v0x7fc84c556b50_0, 0;
    %split/vec4 11;
    %assign/vec4 v0x7fc84c5569f0_0, 0;
    %split/vec4 11;
    %assign/vec4 v0x7fc84c556aa0_0, 0;
    %split/vec4 11;
    %assign/vec4 v0x7fc84c556cb0_0, 0;
    %split/vec4 11;
    %assign/vec4 v0x7fc84c556c00_0, 0;
    %assign/vec4 v0x7fc84c556940_0, 0;
    %pushi/vec4 0, 0, 66;
    %split/vec4 11;
    %assign/vec4 v0x7fc84c556730_0, 0;
    %split/vec4 11;
    %assign/vec4 v0x7fc84c5565d0_0, 0;
    %split/vec4 11;
    %assign/vec4 v0x7fc84c556680_0, 0;
    %split/vec4 11;
    %assign/vec4 v0x7fc84c556890_0, 0;
    %split/vec4 11;
    %assign/vec4 v0x7fc84c5567e0_0, 0;
    %assign/vec4 v0x7fc84c556520_0, 0;
T_12.38 ;
    %jmp T_12;
    .thread T_12;
    .scope S_0x7fc84c5153f0;
T_13 ;
    %wait E_0x7fc84c54e6b0;
    %load/vec4 v0x7fc84c553900_0;
    %load/vec4 v0x7fc84c553cb0_0;
    %and;
    %load/vec4 v0x7fc84c554710_0;
    %and;
    %flag_set/vec4 8;
    %jmp/0xz  T_13.0, 8;
    %load/vec4 v0x7fc84c556310_0;
    %assign/vec4 v0x7fc84c553f30_0, 0;
    %load/vec4 v0x7fc84c555ef0_0;
    %assign/vec4 v0x7fc84c554e00_0, 0;
    %load/vec4 v0x7fc84c556c00_0;
    %assign/vec4 v0x7fc84c555a20_0, 0;
    %load/vec4 v0x7fc84c5567e0_0;
    %assign/vec4 v0x7fc84c553660_0, 0;
    %load/vec4 v0x7fc84c5563c0_0;
    %assign/vec4 v0x7fc84c553fc0_0, 0;
    %load/vec4 v0x7fc84c555fa0_0;
    %assign/vec4 v0x7fc84c554eb0_0, 0;
    %load/vec4 v0x7fc84c556cb0_0;
    %assign/vec4 v0x7fc84c555ad0_0, 0;
    %load/vec4 v0x7fc84c556890_0;
    %assign/vec4 v0x7fc84c553710_0, 0;
    %load/vec4 v0x7fc84c5561b0_0;
    %assign/vec4 v0x7fc84c553e10_0, 0;
    %load/vec4 v0x7fc84c555d90_0;
    %assign/vec4 v0x7fc84c554ca0_0, 0;
    %load/vec4 v0x7fc84c556aa0_0;
    %assign/vec4 v0x7fc84c5558c0_0, 0;
    %load/vec4 v0x7fc84c556680_0;
    %assign/vec4 v0x7fc84c553500_0, 0;
    %load/vec4 v0x7fc84c556100_0;
    %assign/vec4 v0x7fc84c553d80_0, 0;
    %load/vec4 v0x7fc84c555ce0_0;
    %assign/vec4 v0x7fc84c554bf0_0, 0;
    %load/vec4 v0x7fc84c5569f0_0;
    %assign/vec4 v0x7fc84c555820_0, 0;
    %load/vec4 v0x7fc84c5565d0_0;
    %assign/vec4 v0x7fc84c553450_0, 0;
    %load/vec4 v0x7fc84c556260_0;
    %assign/vec4 v0x7fc84c553ea0_0, 0;
    %load/vec4 v0x7fc84c555e40_0;
    %assign/vec4 v0x7fc84c554d50_0, 0;
    %load/vec4 v0x7fc84c556b50_0;
    %assign/vec4 v0x7fc84c555970_0, 0;
    %load/vec4 v0x7fc84c556730_0;
    %assign/vec4 v0x7fc84c5535b0_0, 0;
    %load/vec4 v0x7fc84c552e10_0;
    %subi 1, 0, 8;
    %assign/vec4 v0x7fc84c552e10_0, 0;
    %load/vec4 v0x7fc84c552e10_0;
    %pad/u 32;
    %pushi/vec4 0, 0, 32;
    %cmp/e;
    %flag_get/vec4 4;
    %load/vec4 v0x7fc84c554450_0;
    %pad/u 32;
    %cmpi/u 253, 0, 32;
    %flag_get/vec4 5;
    %and;
    %flag_set/vec4 8;
    %jmp/0xz  T_13.2, 8;
    %pushi/vec4 1, 0, 2;
    %assign/vec4 v0x7fc84c5545b0_0, 0;
    %pushi/vec4 5, 0, 8;
    %assign/vec4 v0x7fc84c552e10_0, 0;
T_13.2 ;
T_13.0 ;
    %load/vec4 v0x7fc84c5545b0_0;
    %cmpi/ne 0, 0, 2;
    %jmp/0xz  T_13.4, 4;
    %load/vec4 v0x7fc84c5545b0_0;
    %addi 1, 0, 2;
    %assign/vec4 v0x7fc84c5545b0_0, 0;
T_13.4 ;
    %jmp T_13;
    .thread T_13;
    .scope S_0x7fc84c5153f0;
T_14 ;
    %wait E_0x7fc84c542030;
    %load/vec4 v0x7fc84c5545b0_0;
    %dup/vec4;
    %pushi/vec4 0, 0, 2;
    %cmp/u;
    %jmp/1 T_14.0, 6;
    %dup/vec4;
    %pushi/vec4 1, 0, 2;
    %cmp/u;
    %jmp/1 T_14.1, 6;
    %dup/vec4;
    %pushi/vec4 2, 0, 2;
    %cmp/u;
    %jmp/1 T_14.2, 6;
    %dup/vec4;
    %pushi/vec4 3, 0, 2;
    %cmp/u;
    %jmp/1 T_14.3, 6;
    %jmp T_14.4;
T_14.0 ;
    %pushi/vec4 0, 0, 32;
    %store/vec4 v0x7fc84c554230_0, 0, 32;
    %pushi/vec4 0, 0, 1;
    %store/vec4 v0x7fc84c554500_0, 0, 1;
    %jmp T_14.4;
T_14.1 ;
    %pushi/vec4 5390914, 0, 32; draw_string_vec4
    %store/vec4 v0x7fc84c554230_0, 0, 32;
    %pushi/vec4 1, 0, 1;
    %store/vec4 v0x7fc84c554500_0, 0, 1;
    %jmp T_14.4;
T_14.2 ;
    %pushi/vec4 0, 0, 5;
    %load/vec4 v0x7fc84c556050_0;
    %concat/vec4; draw_concat_vec4
    %concati/vec4 0, 0, 5;
    %load/vec4 v0x7fc84c556940_0;
    %concat/vec4; draw_concat_vec4
    %store/vec4 v0x7fc84c554230_0, 0, 32;
    %pushi/vec4 1, 0, 1;
    %store/vec4 v0x7fc84c554500_0, 0, 1;
    %jmp T_14.4;
T_14.3 ;
    %pushi/vec4 0, 0, 5;
    %load/vec4 v0x7fc84c555c30_0;
    %concat/vec4; draw_concat_vec4
    %concati/vec4 0, 0, 5;
    %load/vec4 v0x7fc84c556520_0;
    %concat/vec4; draw_concat_vec4
    %store/vec4 v0x7fc84c554230_0, 0, 32;
    %pushi/vec4 1, 0, 1;
    %store/vec4 v0x7fc84c554500_0, 0, 1;
    %jmp T_14.4;
T_14.4 ;
    %pop/vec4 1;
    %jmp T_14;
    .thread T_14, $push;
    .scope S_0x7fc84c5153f0;
T_15 ;
    %wait E_0x7fc84c54e6b0;
    %load/vec4 v0x7fc84c554ae0_0;
    %inv;
    %flag_set/vec4 8;
    %jmp/0xz  T_15.0, 8;
    %pushi/vec4 0, 0, 8;
    %assign/vec4 v0x7fc84c554a30_0, 0;
    %pushi/vec4 65280, 0, 24;
    %assign/vec4 v0x7fc84c553240_0, 0;
    %jmp T_15.1;
T_15.0 ;
    %load/vec4 v0x7fc84c5539b0_0;
    %load/vec4 v0x7fc84c555000_0;
    %and;
    %flag_set/vec4 8;
    %jmp/0xz  T_15.2, 8;
    %load/vec4 v0x7fc84c554f60_0;
    %pad/u 32;
    %cmpi/e 0, 0, 32;
    %jmp/0xz  T_15.4, 4;
    %load/vec4 v0x7fc84c5550a0_0;
    %parti/s 8, 0, 2;
    %assign/vec4 v0x7fc84c554a30_0, 0;
T_15.4 ;
    %load/vec4 v0x7fc84c554f60_0;
    %pad/u 32;
    %cmpi/e 3, 0, 32;
    %jmp/0xz  T_15.6, 4;
    %load/vec4 v0x7fc84c5550a0_0;
    %parti/s 24, 0, 2;
    %assign/vec4 v0x7fc84c553240_0, 0;
T_15.6 ;
T_15.2 ;
T_15.1 ;
    %jmp T_15;
    .thread T_15;
    .scope S_0x7fc84c5153f0;
T_16 ;
    %wait E_0x7fc84c54e6b0;
    %load/vec4 v0x7fc84c554ae0_0;
    %inv;
    %flag_set/vec4 8;
    %jmp/0xz  T_16.0, 8;
    %pushi/vec4 0, 0, 32;
    %assign/vec4 v0x7fc84c553af0_0, 0;
    %pushi/vec4 0, 0, 1;
    %assign/vec4 v0x7fc84c554840_0, 0;
    %jmp T_16.1;
T_16.0 ;
    %load/vec4 v0x7fc84c5539b0_0;
    %load/vec4 v0x7fc84c553a50_0;
    %and;
    %flag_set/vec4 8;
    %jmp/0xz  T_16.2, 8;
    %load/vec4 v0x7fc84c554f60_0;
    %pad/u 32;
    %cmpi/e 0, 0, 32;
    %jmp/0xz  T_16.4, 4;
    %pushi/vec4 0, 0, 16;
    %load/vec4 v0x7fc84c554450_0;
    %concat/vec4; draw_concat_vec4
    %load/vec4 v0x7fc84c554a30_0;
    %concat/vec4; draw_concat_vec4
    %assign/vec4 v0x7fc84c553af0_0, 0;
T_16.4 ;
    %load/vec4 v0x7fc84c554f60_0;
    %pad/u 32;
    %cmpi/e 1, 0, 32;
    %jmp/0xz  T_16.6, 4;
    %load/vec4 v0x7fc84c5542f0_0;
    %assign/vec4 v0x7fc84c553af0_0, 0;
T_16.6 ;
    %load/vec4 v0x7fc84c554f60_0;
    %pad/u 32;
    %cmpi/e 2, 0, 32;
    %jmp/0xz  T_16.8, 4;
    %pushi/vec4 305458914, 0, 32;
    %assign/vec4 v0x7fc84c553af0_0, 0;
T_16.8 ;
    %load/vec4 v0x7fc84c554f60_0;
    %pad/u 32;
    %cmpi/e 3, 0, 32;
    %jmp/0xz  T_16.10, 4;
    %pushi/vec4 0, 0, 8;
    %load/vec4 v0x7fc84c553240_0;
    %concat/vec4; draw_concat_vec4
    %assign/vec4 v0x7fc84c553af0_0, 0;
T_16.10 ;
T_16.2 ;
T_16.1 ;
    %load/vec4 v0x7fc84c553a50_0;
    %assign/vec4 v0x7fc84c554840_0, 0;
    %jmp T_16;
    .thread T_16;
    .scope S_0x7fc84c53b1a0;
T_17 ;
    %pushi/vec4 0, 0, 1;
    %store/vec4 v0x7fc84c556f30_0, 0, 1;
    %pushi/vec4 1, 0, 1;
    %store/vec4 v0x7fc84c557090_0, 0, 1;
    %pushi/vec4 1, 0, 1;
    %store/vec4 v0x7fc84c5571f0_0, 0, 1;
    %pushi/vec4 1, 0, 1;
    %store/vec4 v0x7fc84c5572c0_0, 0, 1;
    %pushi/vec4 1, 0, 1;
    %store/vec4 v0x7fc84c557420_0, 0, 1;
    %pushi/vec4 1, 0, 32;
    %store/vec4 v0x7fc84c5574d0_0, 0, 32;
    %pushi/vec4 1, 0, 3;
    %store/vec4 v0x7fc84c557140_0, 0, 3;
    %pushi/vec4 1, 0, 24;
    %store/vec4 v0x7fc84c557600_0, 0, 24;
    %pushi/vec4 1, 0, 1;
    %store/vec4 v0x7fc84c557880_0, 0, 1;
    %pushi/vec4 1, 0, 1;
    %store/vec4 v0x7fc84c5577f0_0, 0, 1;
    %pushi/vec4 0, 0, 1;
    %store/vec4 v0x7fc84c557690_0, 0, 1;
    %pushi/vec4 1, 0, 1;
    %store/vec4 v0x7fc84c557a90_0, 0, 1;
    %pushi/vec4 1, 0, 1;
    %store/vec4 v0x7fc84c556fd0_0, 0, 1;
    %pushi/vec4 307200, 0, 32;
T_17.0 %dup/vec4;
    %pushi/vec4 0, 0, 32;
    %cmp/s;
    %jmp/1xz T_17.1, 5;
    %jmp/1 T_17.1, 4;
    %pushi/vec4 1, 0, 32;
    %sub;
    %load/vec4 v0x7fc84c556f30_0;
    %nor/r;
    %store/vec4 v0x7fc84c556f30_0, 0, 1;
    %delay 1, 0;
    %vpi_func 3 47 "$urandom_range" 32, 24'b000000000000000000000000, 24'b111111111111111111111111 {0 0 0};
    %pad/u 24;
    %store/vec4 v0x7fc84c557600_0, 0, 24;
    %vpi_call/w 3 48 "$display", "Out: %h", v0x7fc84c557950_0 {0 0 0};
    %load/vec4 v0x7fc84c556f30_0;
    %nor/r;
    %store/vec4 v0x7fc84c556f30_0, 0, 1;
    %delay 1, 0;
    %pushi/vec4 0, 0, 1;
    %store/vec4 v0x7fc84c5577f0_0, 0, 1;
    %jmp T_17.0;
T_17.1 ;
    %pop/vec4 1;
    %pushi/vec4 1, 0, 1;
    %store/vec4 v0x7fc84c557690_0, 0, 1;
    %vpi_call/w 3 59 "$display", "Finished. Total time = %t", $time {0 0 0};
    %vpi_call/w 3 60 "$finish" {0 0 0};
    %end;
    .thread T_17;
# The file index is used to find the file name in the following table.
:file_names 9;
    "N/A";
    "<interactive>";
    "-";
    "EEE_IMGPROC_TB.v";
    "EEE_IMGPROC.v";
    "MSG_FIFO.v";
    "STREAM_REG.v";
    "PIXEL_PROC.v";
    "RGB_2_HSV.v";
