#! /usr/local/bin/vvp
:ivl_version "12.0 (devel)" "(s20150603-955-gd6e01d0c)";
:ivl_delay_selection "TYPICAL";
:vpi_time_precision + 0;
:vpi_module "/usr/local/lib/ivl/system.vpi";
:vpi_module "/usr/local/lib/ivl/vhdl_sys.vpi";
:vpi_module "/usr/local/lib/ivl/vhdl_textio.vpi";
:vpi_module "/usr/local/lib/ivl/v2005_math.vpi";
:vpi_module "/usr/local/lib/ivl/va_math.vpi";
:vpi_module "/usr/local/lib/ivl/v2009.vpi";
S_0x7f92f2c1acf0 .scope package, "$unit" "$unit" 2 1;
 .timescale 0 0;
S_0x7f92f2c1ae60 .scope module, "pixel_proc_tb" "pixel_proc_tb" 3 1;
 .timescale 0 0;
v0x7f92f2e0c5a0_0 .var "clk", 0 0;
v0x7f92f2e0c680_0 .net "pixel_classification", 2 0, v0x7f92f2e0c260_0;  1 drivers
v0x7f92f2e0c720_0 .var "pixel_in", 23 0;
v0x7f92f2e0c7f0_0 .var "rst", 0 0;
S_0x7f92f2e0a350 .scope module, "m" "PIXEL_PROC" 3 39, 4 1 0, S_0x7f92f2c1ae60;
 .timescale 0 0;
    .port_info 0 /INPUT 1 "clk";
    .port_info 1 /INPUT 1 "rst";
    .port_info 2 /INPUT 24 "pixel_in";
    .port_info 3 /OUTPUT 3 "pixel_classification";
L_0x7f92f2e0cc10 .functor BUFZ 24, v0x7f92f2e0c720_0, C4<000000000000000000000000>, C4<000000000000000000000000>, C4<000000000000000000000000>;
v0x7f92f2e0bd20_0 .net *"_ivl_7", 23 0, L_0x7f92f2e0cc10;  1 drivers
v0x7f92f2e0bde0_0 .net "blue", 7 0, L_0x7f92f2e0cb30;  1 drivers
L_0x7f92e8018008 .functor BUFT 1, C4<101001010100001110011111010011001000010110100010100000001000110000110010101001010000011110000110010001000110>, C4<0>, C4<0>, C4<0>;
v0x7f92f2e0be80_0 .net "classifier_config", 107 0, L_0x7f92e8018008;  1 drivers
v0x7f92f2e0bf10_0 .net "clk", 0 0, v0x7f92f2e0c5a0_0;  1 drivers
v0x7f92f2e0bfa0_0 .net "green", 7 0, L_0x7f92f2e0ca10;  1 drivers
v0x7f92f2e0c070_0 .net "hsv_h", 8 0, v0x7f92f2e0b050_0;  1 drivers
v0x7f92f2e0c100_0 .net "hsv_s", 7 0, v0x7f92f2e0b0e0_0;  1 drivers
v0x7f92f2e0c1b0_0 .net "hsv_v", 7 0, v0x7f92f2e0b200_0;  1 drivers
v0x7f92f2e0c260_0 .var "pixel_classification", 2 0;
v0x7f92f2e0c380_0 .net "pixel_in", 23 0, v0x7f92f2e0c720_0;  1 drivers
v0x7f92f2e0c430_0 .net "red", 7 0, L_0x7f92f2e0c930;  1 drivers
v0x7f92f2e0c4f0_0 .net "rst", 0 0, v0x7f92f2e0c7f0_0;  1 drivers
E_0x7f92f2c24990 .event edge, v0x7f92f2e0b0e0_0, v0x7f92f2e0be80_0, v0x7f92f2e0b200_0, v0x7f92f2e0b050_0;
L_0x7f92f2e0c930 .part L_0x7f92f2e0cc10, 16, 8;
L_0x7f92f2e0ca10 .part L_0x7f92f2e0cc10, 8, 8;
L_0x7f92f2e0cb30 .part L_0x7f92f2e0cc10, 0, 8;
S_0x7f92f2c06b10 .scope module, "rgb_2_hsv" "RGB_2_HSV" 4 88, 5 1 0, S_0x7f92f2e0a350;
 .timescale 0 0;
    .port_info 0 /INPUT 1 "clk";
    .port_info 1 /INPUT 1 "rst";
    .port_info 2 /INPUT 8 "rgb_r";
    .port_info 3 /INPUT 8 "rgb_g";
    .port_info 4 /INPUT 8 "rgb_b";
    .port_info 5 /OUTPUT 9 "hsv_h";
    .port_info 6 /OUTPUT 8 "hsv_s";
    .port_info 7 /OUTPUT 8 "hsv_v";
v0x7f92f2c08410_0 .net *"_ivl_0", 0 0, L_0x7f92f2e0cd00;  1 drivers
L_0x7f92e80180e0 .functor BUFT 1, C4<1>, C4<0>, C4<0>, C4<0>;
v0x7f92f2e06ae0_0 .net/2u *"_ivl_10", 0 0, L_0x7f92e80180e0;  1 drivers
L_0x7f92e8018128 .functor BUFT 1, C4<0>, C4<0>, C4<0>, C4<0>;
v0x7f92f2e06b70_0 .net/2u *"_ivl_12", 0 0, L_0x7f92e8018128;  1 drivers
v0x7f92f2e0a4c0_0 .net *"_ivl_16", 0 0, L_0x7f92f2e0d200;  1 drivers
L_0x7f92e8018170 .functor BUFT 1, C4<1>, C4<0>, C4<0>, C4<0>;
v0x7f92f2e0a550_0 .net/2u *"_ivl_18", 0 0, L_0x7f92e8018170;  1 drivers
L_0x7f92e8018050 .functor BUFT 1, C4<1>, C4<0>, C4<0>, C4<0>;
v0x7f92f2e0ac60_0 .net/2u *"_ivl_2", 0 0, L_0x7f92e8018050;  1 drivers
L_0x7f92e80181b8 .functor BUFT 1, C4<0>, C4<0>, C4<0>, C4<0>;
v0x7f92f2e0acf0_0 .net/2u *"_ivl_20", 0 0, L_0x7f92e80181b8;  1 drivers
L_0x7f92e8018098 .functor BUFT 1, C4<0>, C4<0>, C4<0>, C4<0>;
v0x7f92f2e0ad80_0 .net/2u *"_ivl_4", 0 0, L_0x7f92e8018098;  1 drivers
v0x7f92f2e0ae10_0 .net *"_ivl_8", 0 0, L_0x7f92f2e0cf40;  1 drivers
v0x7f92f2e0aea0_0 .net "clk", 0 0, v0x7f92f2e0c5a0_0;  alias, 1 drivers
v0x7f92f2e0af30_0 .var "division", 7 0;
v0x7f92f2e0afc0_0 .net "g_b", 0 0, L_0x7f92f2e0d3a0;  1 drivers
v0x7f92f2e0b050_0 .var "hsv_h", 8 0;
v0x7f92f2e0b0e0_0 .var "hsv_s", 7 0;
v0x7f92f2e0b170_0 .var "hsv_s_m", 7 0;
v0x7f92f2e0b200_0 .var "hsv_v", 7 0;
v0x7f92f2e0b290_0 .var "max", 7 0;
v0x7f92f2e0b420_0 .var "max_min", 7 0;
v0x7f92f2e0b4b0_0 .var "max_n", 7 0;
v0x7f92f2e0b540_0 .var "min", 7 0;
v0x7f92f2e0b5d0_0 .net "r_b", 0 0, L_0x7f92f2e0d0a0;  1 drivers
v0x7f92f2e0b660_0 .net "r_g", 0 0, L_0x7f92f2e0cdc0;  1 drivers
v0x7f92f2e0b6f0_0 .net "rgb_b", 7 0, L_0x7f92f2e0cb30;  alias, 1 drivers
v0x7f92f2e0b7a0_0 .net "rgb_g", 7 0, L_0x7f92f2e0ca10;  alias, 1 drivers
v0x7f92f2e0b850_0 .net "rgb_r", 7 0, L_0x7f92f2e0c930;  alias, 1 drivers
v0x7f92f2e0b900_0 .var "rgb_se", 2 0;
v0x7f92f2e0b9b0_0 .var "rgb_se_n", 2 0;
v0x7f92f2e0ba60_0 .net "rst", 0 0, v0x7f92f2e0c7f0_0;  alias, 1 drivers
v0x7f92f2e0bb00_0 .var "top", 7 0;
v0x7f92f2e0bbb0_0 .var "top_60", 13 0;
E_0x7f92f2c26ba0/0 .event negedge, v0x7f92f2e0ba60_0;
E_0x7f92f2c26ba0/1 .event posedge, v0x7f92f2e0aea0_0;
E_0x7f92f2c26ba0 .event/or E_0x7f92f2c26ba0/0, E_0x7f92f2c26ba0/1;
E_0x7f92f2c269f0 .event edge, v0x7f92f2e0b4b0_0, v0x7f92f2e0b420_0;
E_0x7f92f2c273a0 .event edge, v0x7f92f2e0b420_0, v0x7f92f2e0bbb0_0;
L_0x7f92f2e0cd00 .cmp/gt 8, L_0x7f92f2e0c930, L_0x7f92f2e0ca10;
L_0x7f92f2e0cdc0 .functor MUXZ 1, L_0x7f92e8018098, L_0x7f92e8018050, L_0x7f92f2e0cd00, C4<>;
L_0x7f92f2e0cf40 .cmp/gt 8, L_0x7f92f2e0c930, L_0x7f92f2e0cb30;
L_0x7f92f2e0d0a0 .functor MUXZ 1, L_0x7f92e8018128, L_0x7f92e80180e0, L_0x7f92f2e0cf40, C4<>;
L_0x7f92f2e0d200 .cmp/gt 8, L_0x7f92f2e0ca10, L_0x7f92f2e0cb30;
L_0x7f92f2e0d3a0 .functor MUXZ 1, L_0x7f92e80181b8, L_0x7f92e8018170, L_0x7f92f2e0d200, C4<>;
    .scope S_0x7f92f2c06b10;
T_0 ;
    %wait E_0x7f92f2c26ba0;
    %load/vec4 v0x7f92f2e0ba60_0;
    %nor/r;
    %flag_set/vec4 8;
    %jmp/0xz  T_0.0, 8;
    %pushi/vec4 0, 0, 8;
    %assign/vec4 v0x7f92f2e0b290_0, 0;
    %pushi/vec4 0, 0, 8;
    %assign/vec4 v0x7f92f2e0b540_0, 0;
    %pushi/vec4 0, 0, 8;
    %assign/vec4 v0x7f92f2e0bb00_0, 0;
    %pushi/vec4 2, 0, 3;
    %assign/vec4 v0x7f92f2e0b900_0, 0;
    %jmp T_0.1;
T_0.0 ;
    %load/vec4 v0x7f92f2e0b660_0;
    %load/vec4 v0x7f92f2e0b5d0_0;
    %concat/vec4; draw_concat_vec4
    %load/vec4 v0x7f92f2e0afc0_0;
    %concat/vec4; draw_concat_vec4
    %dup/vec4;
    %pushi/vec4 0, 0, 3;
    %cmp/u;
    %jmp/1 T_0.2, 6;
    %dup/vec4;
    %pushi/vec4 1, 0, 3;
    %cmp/u;
    %jmp/1 T_0.3, 6;
    %dup/vec4;
    %pushi/vec4 3, 0, 3;
    %cmp/u;
    %jmp/1 T_0.4, 6;
    %dup/vec4;
    %pushi/vec4 4, 0, 3;
    %cmp/u;
    %jmp/1 T_0.5, 6;
    %dup/vec4;
    %pushi/vec4 6, 0, 3;
    %cmp/u;
    %jmp/1 T_0.6, 6;
    %dup/vec4;
    %pushi/vec4 7, 0, 3;
    %cmp/u;
    %jmp/1 T_0.7, 6;
    %pushi/vec4 0, 0, 8;
    %assign/vec4 v0x7f92f2e0b290_0, 0;
    %pushi/vec4 0, 0, 8;
    %assign/vec4 v0x7f92f2e0b540_0, 0;
    %pushi/vec4 0, 0, 8;
    %assign/vec4 v0x7f92f2e0bb00_0, 0;
    %pushi/vec4 2, 0, 3;
    %assign/vec4 v0x7f92f2e0b900_0, 0;
    %jmp T_0.9;
T_0.2 ;
    %load/vec4 v0x7f92f2e0b6f0_0;
    %assign/vec4 v0x7f92f2e0b290_0, 0;
    %load/vec4 v0x7f92f2e0b850_0;
    %assign/vec4 v0x7f92f2e0b540_0, 0;
    %load/vec4 v0x7f92f2e0b7a0_0;
    %load/vec4 v0x7f92f2e0b850_0;
    %sub;
    %assign/vec4 v0x7f92f2e0bb00_0, 0;
    %pushi/vec4 0, 0, 3;
    %assign/vec4 v0x7f92f2e0b900_0, 0;
    %jmp T_0.9;
T_0.3 ;
    %load/vec4 v0x7f92f2e0b7a0_0;
    %assign/vec4 v0x7f92f2e0b290_0, 0;
    %load/vec4 v0x7f92f2e0b850_0;
    %assign/vec4 v0x7f92f2e0b540_0, 0;
    %load/vec4 v0x7f92f2e0b6f0_0;
    %load/vec4 v0x7f92f2e0b850_0;
    %sub;
    %assign/vec4 v0x7f92f2e0bb00_0, 0;
    %pushi/vec4 1, 0, 3;
    %assign/vec4 v0x7f92f2e0b900_0, 0;
    %jmp T_0.9;
T_0.4 ;
    %load/vec4 v0x7f92f2e0b7a0_0;
    %assign/vec4 v0x7f92f2e0b290_0, 0;
    %load/vec4 v0x7f92f2e0b6f0_0;
    %assign/vec4 v0x7f92f2e0b540_0, 0;
    %load/vec4 v0x7f92f2e0b850_0;
    %load/vec4 v0x7f92f2e0b6f0_0;
    %sub;
    %assign/vec4 v0x7f92f2e0bb00_0, 0;
    %pushi/vec4 3, 0, 3;
    %assign/vec4 v0x7f92f2e0b900_0, 0;
    %jmp T_0.9;
T_0.5 ;
    %load/vec4 v0x7f92f2e0b6f0_0;
    %assign/vec4 v0x7f92f2e0b290_0, 0;
    %load/vec4 v0x7f92f2e0b7a0_0;
    %assign/vec4 v0x7f92f2e0b540_0, 0;
    %load/vec4 v0x7f92f2e0b850_0;
    %load/vec4 v0x7f92f2e0b7a0_0;
    %sub;
    %assign/vec4 v0x7f92f2e0bb00_0, 0;
    %pushi/vec4 4, 0, 3;
    %assign/vec4 v0x7f92f2e0b900_0, 0;
    %jmp T_0.9;
T_0.6 ;
    %load/vec4 v0x7f92f2e0b850_0;
    %assign/vec4 v0x7f92f2e0b290_0, 0;
    %load/vec4 v0x7f92f2e0b7a0_0;
    %assign/vec4 v0x7f92f2e0b540_0, 0;
    %load/vec4 v0x7f92f2e0b6f0_0;
    %load/vec4 v0x7f92f2e0b7a0_0;
    %sub;
    %assign/vec4 v0x7f92f2e0bb00_0, 0;
    %pushi/vec4 6, 0, 3;
    %assign/vec4 v0x7f92f2e0b900_0, 0;
    %jmp T_0.9;
T_0.7 ;
    %load/vec4 v0x7f92f2e0b850_0;
    %assign/vec4 v0x7f92f2e0b290_0, 0;
    %load/vec4 v0x7f92f2e0b6f0_0;
    %assign/vec4 v0x7f92f2e0b540_0, 0;
    %load/vec4 v0x7f92f2e0b7a0_0;
    %load/vec4 v0x7f92f2e0b6f0_0;
    %sub;
    %assign/vec4 v0x7f92f2e0bb00_0, 0;
    %pushi/vec4 7, 0, 3;
    %assign/vec4 v0x7f92f2e0b900_0, 0;
    %jmp T_0.9;
T_0.9 ;
    %pop/vec4 1;
T_0.1 ;
    %jmp T_0;
    .thread T_0;
    .scope S_0x7f92f2c06b10;
T_1 ;
    %wait E_0x7f92f2c26ba0;
    %load/vec4 v0x7f92f2e0ba60_0;
    %nor/r;
    %flag_set/vec4 8;
    %jmp/0xz  T_1.0, 8;
    %pushi/vec4 0, 0, 14;
    %assign/vec4 v0x7f92f2e0bbb0_0, 0;
    %pushi/vec4 2, 0, 3;
    %assign/vec4 v0x7f92f2e0b9b0_0, 0;
    %pushi/vec4 0, 0, 8;
    %assign/vec4 v0x7f92f2e0b420_0, 0;
    %pushi/vec4 0, 0, 8;
    %assign/vec4 v0x7f92f2e0b4b0_0, 0;
    %jmp T_1.1;
T_1.0 ;
    %load/vec4 v0x7f92f2e0bb00_0;
    %concati/vec4 0, 0, 6;
    %load/vec4 v0x7f92f2e0bb00_0;
    %concati/vec4 0, 0, 2;
    %pad/u 14;
    %sub;
    %assign/vec4 v0x7f92f2e0bbb0_0, 0;
    %load/vec4 v0x7f92f2e0b900_0;
    %assign/vec4 v0x7f92f2e0b9b0_0, 0;
    %load/vec4 v0x7f92f2e0b290_0;
    %load/vec4 v0x7f92f2e0b540_0;
    %sub;
    %assign/vec4 v0x7f92f2e0b420_0, 0;
    %load/vec4 v0x7f92f2e0b290_0;
    %assign/vec4 v0x7f92f2e0b4b0_0, 0;
T_1.1 ;
    %jmp T_1;
    .thread T_1;
    .scope S_0x7f92f2c06b10;
T_2 ;
    %wait E_0x7f92f2c273a0;
    %load/vec4 v0x7f92f2e0b420_0;
    %cmpi/u 0, 0, 8;
    %flag_or 5, 4; GT is !LE
    %flag_inv 5;
    %flag_mov 8, 5;
    %jmp/0 T_2.0, 8;
    %load/vec4 v0x7f92f2e0bbb0_0;
    %load/vec4 v0x7f92f2e0b420_0;
    %pad/u 14;
    %div;
    %jmp/1 T_2.1, 8;
T_2.0 ; End of true expr.
    %pushi/vec4 240, 0, 14;
    %jmp/0 T_2.1, 8;
 ; End of false expr.
    %blend;
T_2.1;
    %pad/u 8;
    %store/vec4 v0x7f92f2e0af30_0, 0, 8;
    %jmp T_2;
    .thread T_2, $push;
    .scope S_0x7f92f2c06b10;
T_3 ;
    %wait E_0x7f92f2c26ba0;
    %load/vec4 v0x7f92f2e0ba60_0;
    %nor/r;
    %flag_set/vec4 8;
    %jmp/0xz  T_3.0, 8;
    %pushi/vec4 0, 0, 9;
    %assign/vec4 v0x7f92f2e0b050_0, 0;
    %jmp T_3.1;
T_3.0 ;
    %load/vec4 v0x7f92f2e0b9b0_0;
    %dup/vec4;
    %pushi/vec4 0, 0, 3;
    %cmp/u;
    %jmp/1 T_3.2, 6;
    %dup/vec4;
    %pushi/vec4 1, 0, 3;
    %cmp/u;
    %jmp/1 T_3.3, 6;
    %dup/vec4;
    %pushi/vec4 3, 0, 3;
    %cmp/u;
    %jmp/1 T_3.4, 6;
    %dup/vec4;
    %pushi/vec4 4, 0, 3;
    %cmp/u;
    %jmp/1 T_3.5, 6;
    %dup/vec4;
    %pushi/vec4 6, 0, 3;
    %cmp/u;
    %jmp/1 T_3.6, 6;
    %dup/vec4;
    %pushi/vec4 7, 0, 3;
    %cmp/u;
    %jmp/1 T_3.7, 6;
    %pushi/vec4 0, 0, 9;
    %assign/vec4 v0x7f92f2e0b050_0, 0;
    %jmp T_3.9;
T_3.2 ;
    %pushi/vec4 240, 0, 9;
    %load/vec4 v0x7f92f2e0af30_0;
    %pad/u 9;
    %sub;
    %assign/vec4 v0x7f92f2e0b050_0, 0;
    %jmp T_3.9;
T_3.3 ;
    %pushi/vec4 120, 0, 9;
    %load/vec4 v0x7f92f2e0af30_0;
    %pad/u 9;
    %add;
    %assign/vec4 v0x7f92f2e0b050_0, 0;
    %jmp T_3.9;
T_3.4 ;
    %pushi/vec4 120, 0, 9;
    %load/vec4 v0x7f92f2e0af30_0;
    %pad/u 9;
    %sub;
    %assign/vec4 v0x7f92f2e0b050_0, 0;
    %jmp T_3.9;
T_3.5 ;
    %pushi/vec4 240, 0, 9;
    %load/vec4 v0x7f92f2e0af30_0;
    %pad/u 9;
    %add;
    %assign/vec4 v0x7f92f2e0b050_0, 0;
    %jmp T_3.9;
T_3.6 ;
    %pushi/vec4 360, 0, 9;
    %load/vec4 v0x7f92f2e0af30_0;
    %pad/u 9;
    %sub;
    %assign/vec4 v0x7f92f2e0b050_0, 0;
    %jmp T_3.9;
T_3.7 ;
    %load/vec4 v0x7f92f2e0af30_0;
    %pad/u 9;
    %assign/vec4 v0x7f92f2e0b050_0, 0;
    %jmp T_3.9;
T_3.9 ;
    %pop/vec4 1;
T_3.1 ;
    %jmp T_3;
    .thread T_3;
    .scope S_0x7f92f2c06b10;
T_4 ;
    %wait E_0x7f92f2c269f0;
    %load/vec4 v0x7f92f2e0b4b0_0;
    %cmpi/u 0, 0, 8;
    %flag_or 5, 4; GT is !LE
    %flag_inv 5;
    %flag_mov 8, 5;
    %jmp/0 T_4.0, 8;
    %load/vec4 v0x7f92f2e0b420_0;
    %concati/vec4 0, 0, 8;
    %load/vec4 v0x7f92f2e0b4b0_0;
    %pad/u 16;
    %div;
    %jmp/1 T_4.1, 8;
T_4.0 ; End of true expr.
    %pushi/vec4 0, 0, 16;
    %jmp/0 T_4.1, 8;
 ; End of false expr.
    %blend;
T_4.1;
    %pad/u 8;
    %store/vec4 v0x7f92f2e0b170_0, 0, 8;
    %jmp T_4;
    .thread T_4, $push;
    .scope S_0x7f92f2c06b10;
T_5 ;
    %wait E_0x7f92f2c26ba0;
    %load/vec4 v0x7f92f2e0ba60_0;
    %nor/r;
    %flag_set/vec4 8;
    %jmp/0xz  T_5.0, 8;
    %pushi/vec4 0, 0, 8;
    %assign/vec4 v0x7f92f2e0b0e0_0, 0;
    %jmp T_5.1;
T_5.0 ;
    %load/vec4 v0x7f92f2e0b170_0;
    %assign/vec4 v0x7f92f2e0b0e0_0, 0;
T_5.1 ;
    %jmp T_5;
    .thread T_5;
    .scope S_0x7f92f2c06b10;
T_6 ;
    %wait E_0x7f92f2c26ba0;
    %load/vec4 v0x7f92f2e0ba60_0;
    %nor/r;
    %flag_set/vec4 8;
    %jmp/0xz  T_6.0, 8;
    %pushi/vec4 0, 0, 8;
    %assign/vec4 v0x7f92f2e0b200_0, 0;
    %jmp T_6.1;
T_6.0 ;
    %load/vec4 v0x7f92f2e0b4b0_0;
    %assign/vec4 v0x7f92f2e0b200_0, 0;
T_6.1 ;
    %jmp T_6;
    .thread T_6;
    .scope S_0x7f92f2e0a350;
T_7 ;
    %wait E_0x7f92f2c24990;
    %load/vec4 v0x7f92f2e0be80_0;
    %parti/s 9, 0, 2;
    %load/vec4 v0x7f92f2e0c100_0;
    %pad/u 9;
    %cmp/u;
    %flag_get/vec4 5;
    %load/vec4 v0x7f92f2e0be80_0;
    %parti/s 9, 9, 5;
    %load/vec4 v0x7f92f2e0c1b0_0;
    %pad/u 9;
    %cmp/u;
    %flag_get/vec4 5;
    %and;
    %flag_set/vec4 8;
    %jmp/0xz  T_7.0, 8;
    %load/vec4 v0x7f92f2e0c070_0;
    %load/vec4 v0x7f92f2e0be80_0;
    %parti/s 9, 18, 6;
    %cmp/u;
    %flag_get/vec4 5;
    %load/vec4 v0x7f92f2e0be80_0;
    %parti/s 9, 27, 6;
    %load/vec4 v0x7f92f2e0c070_0;
    %cmp/u;
    %flag_get/vec4 5;
    %or;
    %flag_set/vec4 8;
    %jmp/0xz  T_7.2, 8;
    %pushi/vec4 1, 0, 3;
    %assign/vec4 v0x7f92f2e0c260_0, 0;
T_7.2 ;
    %load/vec4 v0x7f92f2e0be80_0;
    %parti/s 9, 36, 7;
    %load/vec4 v0x7f92f2e0c070_0;
    %cmp/u;
    %flag_get/vec4 5;
    %load/vec4 v0x7f92f2e0c070_0;
    %load/vec4 v0x7f92f2e0be80_0;
    %parti/s 9, 45, 7;
    %cmp/u;
    %flag_get/vec4 5;
    %and;
    %flag_set/vec4 8;
    %jmp/0xz  T_7.4, 8;
    %pushi/vec4 2, 0, 3;
    %assign/vec4 v0x7f92f2e0c260_0, 0;
T_7.4 ;
    %load/vec4 v0x7f92f2e0be80_0;
    %parti/s 9, 54, 7;
    %load/vec4 v0x7f92f2e0c070_0;
    %cmp/u;
    %flag_get/vec4 5;
    %load/vec4 v0x7f92f2e0c070_0;
    %load/vec4 v0x7f92f2e0be80_0;
    %parti/s 9, 63, 7;
    %cmp/u;
    %flag_get/vec4 5;
    %and;
    %flag_set/vec4 8;
    %jmp/0xz  T_7.6, 8;
    %pushi/vec4 3, 0, 3;
    %assign/vec4 v0x7f92f2e0c260_0, 0;
T_7.6 ;
    %load/vec4 v0x7f92f2e0be80_0;
    %parti/s 9, 72, 8;
    %load/vec4 v0x7f92f2e0c070_0;
    %cmp/u;
    %flag_get/vec4 5;
    %load/vec4 v0x7f92f2e0c070_0;
    %load/vec4 v0x7f92f2e0be80_0;
    %parti/s 9, 81, 8;
    %cmp/u;
    %flag_get/vec4 5;
    %and;
    %flag_set/vec4 8;
    %jmp/0xz  T_7.8, 8;
    %pushi/vec4 4, 0, 3;
    %assign/vec4 v0x7f92f2e0c260_0, 0;
T_7.8 ;
    %load/vec4 v0x7f92f2e0be80_0;
    %parti/s 9, 90, 8;
    %load/vec4 v0x7f92f2e0c070_0;
    %cmp/u;
    %flag_get/vec4 5;
    %load/vec4 v0x7f92f2e0c070_0;
    %load/vec4 v0x7f92f2e0be80_0;
    %parti/s 9, 99, 8;
    %cmp/u;
    %flag_get/vec4 5;
    %and;
    %flag_set/vec4 8;
    %jmp/0xz  T_7.10, 8;
    %pushi/vec4 5, 0, 3;
    %assign/vec4 v0x7f92f2e0c260_0, 0;
T_7.10 ;
    %jmp T_7.1;
T_7.0 ;
    %pushi/vec4 0, 0, 3;
    %assign/vec4 v0x7f92f2e0c260_0, 0;
T_7.1 ;
    %jmp T_7;
    .thread T_7, $push;
    .scope S_0x7f92f2c1ae60;
T_8 ;
    %pushi/vec4 0, 0, 1;
    %store/vec4 v0x7f92f2e0c5a0_0, 0, 1;
    %pushi/vec4 1, 0, 1;
    %store/vec4 v0x7f92f2e0c5a0_0, 0, 1;
    %pushi/vec4 16711680, 0, 24;
    %store/vec4 v0x7f92f2e0c720_0, 0, 24;
    %pushi/vec4 100, 0, 32;
T_8.0 %dup/vec4;
    %pushi/vec4 0, 0, 32;
    %cmp/s;
    %jmp/1xz T_8.1, 5;
    %jmp/1 T_8.1, 4;
    %pushi/vec4 1, 0, 32;
    %sub;
    %load/vec4 v0x7f92f2e0c5a0_0;
    %nor/r;
    %store/vec4 v0x7f92f2e0c5a0_0, 0, 1;
    %delay 1, 0;
    %vpi_call/w 3 26 "$display", "Input Pixel: %h", v0x7f92f2e0c720_0 {0 0 0};
    %vpi_call/w 3 27 "$display", "  =>Pixel classification: ", v0x7f92f2e0c680_0 {0 0 0};
    %vpi_func 3 29 "$urandom_range" 32, 24'b111111110000000000000000, 24'b111111111111111111111111 {0 0 0};
    %pad/u 24;
    %store/vec4 v0x7f92f2e0c720_0, 0, 24;
    %load/vec4 v0x7f92f2e0c5a0_0;
    %nor/r;
    %store/vec4 v0x7f92f2e0c5a0_0, 0, 1;
    %jmp T_8.0;
T_8.1 ;
    %pop/vec4 1;
    %vpi_call/w 3 34 "$display", "Finished. Total time = %t", $time {0 0 0};
    %vpi_call/w 3 35 "$finish" {0 0 0};
    %end;
    .thread T_8;
# The file index is used to find the file name in the following table.
:file_names 6;
    "N/A";
    "<interactive>";
    "-";
    "PIXEL_PROC_TB.v";
    "PIXEL_PROC.v";
    "RGB_2_HSV.v";
